;  LST file generated by mikroListExporter - v.2.0 
; Date/Time: 4/18/2022 7:55:09 AM
;----------------------------------------------

;Address Opcode 	ASM
0x0000	0xF000EF8F  	GOTO        286
0x0004	0x0000      	NOP
0x0006	0x0000      	NOP
0x0008	0xF000EF00  	GOTO        0
0x000C	0x0000      	NOP
0x000E	0x0000      	NOP
0x0010	0x0000      	NOP
0x0012	0x0000      	NOP
0x0014	0x0000      	NOP
0x0016	0x0000      	NOP
0x0018	0xD7F3      	BRA         0
_Delay_500us:
;__Lib_Delays.c,27 :: 		void Delay_500us() {
;__Lib_Delays.c,28 :: 		Delay_us(498);
0x001C	0x0E04      	MOVLW       4
0x001E	0x6E0C      	MOVWF       R12, 0
0x0020	0x0E3A      	MOVLW       58
0x0022	0x6E0D      	MOVWF       R13, 0
L_Delay_500us4:
0x0024	0x2E0D      	DECFSZ      R13, 1, 0
0x0026	0xD7FE      	BRA         L_Delay_500us4
0x0028	0x2E0C      	DECFSZ      R12, 1, 0
0x002A	0xD7FC      	BRA         L_Delay_500us4
0x002C	0x0000      	NOP
;__Lib_Delays.c,29 :: 		}
L_end_Delay_500us:
0x002E	0x0012      	RETURN      0
; end of _Delay_500us
_UART1_Data_Ready:
;__Lib_UART_c67.c,34 :: 		
;__Lib_UART_c67.c,35 :: 		
0x0030	0x0E00      	MOVLW       0
0x0032	0xBA9E      	BTFSC       PIR1, 5 
0x0034	0x0E01      	MOVLW       1
0x0036	0x6E00      	MOVWF       R0 
;__Lib_UART_c67.c,36 :: 		
L_end_UART1_Data_Ready:
0x0038	0x0012      	RETURN      0
; end of _UART1_Data_Ready
_UART1_Read:
;__Lib_UART_c67.c,39 :: 		
;__Lib_UART_c67.c,42 :: 		
0x003A	0xF001CFAE  	MOVFF       RCREG, R1
;__Lib_UART_c67.c,43 :: 		
0x003E	0xA2AB      	BTFSS       RCSTA, 1 
0x0040	0xD002      	BRA         L_UART1_Read2
;__Lib_UART_c67.c,44 :: 		
0x0042	0x98AB      	BCF         RCSTA, 4 
;__Lib_UART_c67.c,45 :: 		
0x0044	0x88AB      	BSF         RCSTA, 4 
;__Lib_UART_c67.c,46 :: 		
L_UART1_Read2:
;__Lib_UART_c67.c,47 :: 		
0x0046	0xF000C001  	MOVFF       R1, R0
;__Lib_UART_c67.c,48 :: 		
L_end_UART1_Read:
0x004A	0x0012      	RETURN      0
; end of _UART1_Read
_Button:
;__Lib_Button.c,6 :: 		
;__Lib_Button.c,8 :: 		
0x004C	0x6A35      	CLRF        Button_rslt_L0 
;__Lib_Button.c,11 :: 		
0x004E	0xF001C031  	MOVFF       FARG_Button_pin, R1
0x0052	0x0E01      	MOVLW       1
0x0054	0x6E00      	MOVWF       R0 
0x0056	0x5001      	MOVF        R1, 0 
L__Button5:
0x0058	0xE004      	BZ          L__Button6
0x005A	0x3600      	RLCF        R0, 1 
0x005C	0x9000      	BCF         R0, 0 
0x005E	0x0FFF      	ADDLW       255
0x0060	0xD7FB      	BRA         L__Button5
L__Button6:
0x0062	0xF034C000  	MOVFF       R0, Button_pMask_L0
;__Lib_Button.c,13 :: 		
0x0066	0xFFE9C02F  	MOVFF       FARG_Button_port, FSR0L
0x006A	0xFFEAC030  	MOVFF       FARG_Button_port+1, FSR0H
0x006E	0x5000      	MOVF        R0, 0 
0x0070	0x14EE      	ANDWF       POSTINC0, 0 
0x0072	0x6E01      	MOVWF       R1 
0x0074	0x5201      	MOVF        R1, 1 
0x0076	0x0E01      	MOVLW       1
0x0078	0xA4D8      	BTFSS       STATUS, 2 
0x007A	0x0E00      	MOVLW       0
0x007C	0x6E00      	MOVWF       R0 
0x007E	0x5033      	MOVF        FARG_Button_active_state, 0 
0x0080	0x1A00      	XORWF       R0, 1 
0x0082	0xE018      	BZ          L_Button0
;__Lib_Button.c,15 :: 		
L_Button1:
0x0084	0x5032      	MOVF        FARG_Button_time_ms, 0 
0x0086	0x0800      	SUBLW       0
0x0088	0xE204      	BC          L_Button2
;__Lib_Button.c,16 :: 		
0x008A	0xDFC8      	RCALL       _Delay_500us
;__Lib_Button.c,17 :: 		
0x008C	0xDFC7      	RCALL       _Delay_500us
;__Lib_Button.c,18 :: 		
0x008E	0x0632      	DECF        FARG_Button_time_ms, 1 
;__Lib_Button.c,19 :: 		
0x0090	0xD7F9      	BRA         L_Button1
L_Button2:
;__Lib_Button.c,21 :: 		
0x0092	0xFFE9C02F  	MOVFF       FARG_Button_port, FSR0L
0x0096	0xFFEAC030  	MOVFF       FARG_Button_port+1, FSR0H
0x009A	0x5034      	MOVF        Button_pMask_L0, 0 
0x009C	0x14EE      	ANDWF       POSTINC0, 0 
0x009E	0x6E01      	MOVWF       R1 
0x00A0	0x5201      	MOVF        R1, 1 
0x00A2	0x0E01      	MOVLW       1
0x00A4	0xA4D8      	BTFSS       STATUS, 2 
0x00A6	0x0E00      	MOVLW       0
0x00A8	0x6E00      	MOVWF       R0 
0x00AA	0x5033      	MOVF        FARG_Button_active_state, 0 
0x00AC	0x1A00      	XORWF       R0, 1 
0x00AE	0xE002      	BZ          L_Button3
;__Lib_Button.c,22 :: 		
0x00B0	0x0EFF      	MOVLW       255
0x00B2	0x6E35      	MOVWF       Button_rslt_L0 
L_Button3:
;__Lib_Button.c,23 :: 		
L_Button0:
;__Lib_Button.c,25 :: 		
0x00B4	0xF000C035  	MOVFF       Button_rslt_L0, R0
;__Lib_Button.c,26 :: 		
L_end_Button:
0x00B8	0x0012      	RETURN      0
; end of _Button
_UART1_Init:
;__Lib_UART_c67.c,15 :: 		
;__Lib_UART_c67.c,18 :: 		
0x00BA	0x0E10      	MOVLW       _UART1_Write
0x00BC	0x6E15      	MOVWF       _UART_Wr_Ptr 
0x00BE	0x0E01      	MOVLW       hi_addr(_UART1_Write)
0x00C0	0x6E16      	MOVWF       _UART_Wr_Ptr+1 
0x00C2	0x0E2F      	MOVLW       FARG_UART1_Write_data_
0x00C4	0x6E17      	MOVWF       _UART_Wr_Ptr+2 
0x00C6	0x0E00      	MOVLW       hi_addr(FARG_UART1_Write_data_)
0x00C8	0x6E18      	MOVWF       _UART_Wr_Ptr+3 
;__Lib_UART_c67.c,19 :: 		
0x00CA	0x0E3A      	MOVLW       _UART1_Read
0x00CC	0x6E23      	MOVWF       _UART_Rd_Ptr 
0x00CE	0x0E00      	MOVLW       hi_addr(_UART1_Read)
0x00D0	0x6E24      	MOVWF       _UART_Rd_Ptr+1 
0x00D2	0x0E00      	MOVLW       0
0x00D4	0x6E25      	MOVWF       _UART_Rd_Ptr+2 
0x00D6	0x0E00      	MOVLW       0
0x00D8	0x6E26      	MOVWF       _UART_Rd_Ptr+3 
;__Lib_UART_c67.c,20 :: 		
0x00DA	0x0E30      	MOVLW       _UART1_Data_Ready
0x00DC	0x6E1F      	MOVWF       _UART_Rdy_Ptr 
0x00DE	0x0E00      	MOVLW       hi_addr(_UART1_Data_Ready)
0x00E0	0x6E20      	MOVWF       _UART_Rdy_Ptr+1 
0x00E2	0x0E00      	MOVLW       0
0x00E4	0x6E21      	MOVWF       _UART_Rdy_Ptr+2 
0x00E6	0x0E00      	MOVLW       0
0x00E8	0x6E22      	MOVWF       _UART_Rdy_Ptr+3 
;__Lib_UART_c67.c,21 :: 		
0x00EA	0x0EFF      	MOVLW       _UART1_Tx_Idle
0x00EC	0x6E1B      	MOVWF       _UART_Tx_Idle_Ptr 
0x00EE	0x0EFF      	MOVLW       hi_addr(_UART1_Tx_Idle)
0x00F0	0x6E1C      	MOVWF       _UART_Tx_Idle_Ptr+1 
0x00F2	0x0E00      	MOVLW       0
0x00F4	0x6E1D      	MOVWF       _UART_Tx_Idle_Ptr+2 
0x00F6	0x0E00      	MOVLW       0
0x00F8	0x6E1E      	MOVWF       _UART_Tx_Idle_Ptr+3 
;__Lib_UART_c67.c,23 :: 		
0x00FA	0x8AAC      	BSF         TXSTA, 5 
;__Lib_UART_c67.c,24 :: 		
0x00FC	0x0E90      	MOVLW       144
0x00FE	0x6EAB      	MOVWF       RCSTA 
;__Lib_UART_c67.c,25 :: 		
0x0100	0x8E94      	BSF         TRISC7_bit, BitPos(TRISC7_bit+0) 
;__Lib_UART_c67.c,26 :: 		
0x0102	0x9C94      	BCF         TRISC6_bit, BitPos(TRISC6_bit+0) 
;__Lib_UART_c67.c,28 :: 		
L_UART1_Init0:
0x0104	0xAA9E      	BTFSS       PIR1, 5 
0x0106	0xD003      	BRA         L_UART1_Init1
;__Lib_UART_c67.c,29 :: 		
0x0108	0xF000CFAE  	MOVFF       RCREG, R0
0x010C	0xD7FB      	BRA         L_UART1_Init0
L_UART1_Init1:
;__Lib_UART_c67.c,30 :: 		
L_end_UART1_Init:
0x010E	0x0012      	RETURN      0
; end of _UART1_Init
_UART1_Write:
;__Lib_UART_c67.c,58 :: 		
;__Lib_UART_c67.c,59 :: 		
L_UART1_Write3:
0x0110	0xB2AC      	BTFSC       TXSTA, 1 
0x0112	0xD002      	BRA         L_UART1_Write4
;__Lib_UART_c67.c,60 :: 		
0x0114	0x0000      	NOP
0x0116	0xD7FC      	BRA         L_UART1_Write3
L_UART1_Write4:
;__Lib_UART_c67.c,61 :: 		
0x0118	0xFFADC02F  	MOVFF       FARG_UART1_Write_data_, TXREG
;__Lib_UART_c67.c,62 :: 		
L_end_UART1_Write:
0x011C	0x0012      	RETURN      0
; end of _UART1_Write
_main:
;bai8_fw.c,2 :: 		void main()
;bai8_fw.c,4 :: 		ADCON1 |= 0x0F;
0x011E	0x0E0F      	MOVLW       15
0x0120	0x12C1      	IORWF       ADCON1, 1 
;bai8_fw.c,5 :: 		CMCON |= 7;
0x0122	0x0E07      	MOVLW       7
0x0124	0x12B4      	IORWF       CMCON, 1 
;bai8_fw.c,7 :: 		PORTB = 0x00;
0x0126	0x6A81      	CLRF        PORTB 
;bai8_fw.c,8 :: 		LATB = 0x00;
0x0128	0x6A8A      	CLRF        LATB 
;bai8_fw.c,9 :: 		TRISC0_bit = 1;
0x012A	0x8094      	BSF         TRISC0_bit, BitPos(TRISC0_bit+0) 
;bai8_fw.c,10 :: 		TRISC1_bit = 1;
0x012C	0x8294      	BSF         TRISC1_bit, BitPos(TRISC1_bit+0) 
;bai8_fw.c,11 :: 		TRISC2_bit = 1;
0x012E	0x8494      	BSF         TRISC2_bit, BitPos(TRISC2_bit+0) 
;bai8_fw.c,13 :: 		TRISB0_bit = 1;
0x0130	0x8093      	BSF         TRISB0_bit, BitPos(TRISB0_bit+0) 
;bai8_fw.c,14 :: 		TRISB1_bit = 1;
0x0132	0x8293      	BSF         TRISB1_bit, BitPos(TRISB1_bit+0) 
;bai8_fw.c,15 :: 		TRISB2_bit = 1;
0x0134	0x8493      	BSF         TRISB2_bit, BitPos(TRISB2_bit+0) 
;bai8_fw.c,17 :: 		PORTD = 0x00;
0x0136	0x6A83      	CLRF        PORTD 
;bai8_fw.c,18 :: 		LATD = 0x00;
0x0138	0x6A8C      	CLRF        LATD 
;bai8_fw.c,19 :: 		LATD0_bit = 1;
0x013A	0x808C      	BSF         LATD0_bit, BitPos(LATD0_bit+0) 
;bai8_fw.c,20 :: 		LATD1_bit = 1;
0x013C	0x828C      	BSF         LATD1_bit, BitPos(LATD1_bit+0) 
;bai8_fw.c,21 :: 		LATD2_bit = 1;
0x013E	0x848C      	BSF         LATD2_bit, BitPos(LATD2_bit+0) 
;bai8_fw.c,22 :: 		LATD3_bit = 1;
0x0140	0x868C      	BSF         LATD3_bit, BitPos(LATD3_bit+0) 
;bai8_fw.c,24 :: 		TRISD0_bit = 0;
0x0142	0x9095      	BCF         TRISD0_bit, BitPos(TRISD0_bit+0) 
;bai8_fw.c,25 :: 		TRISD1_bit = 0;
0x0144	0x9295      	BCF         TRISD1_bit, BitPos(TRISD1_bit+0) 
;bai8_fw.c,26 :: 		TRISD2_bit = 0;
0x0146	0x9495      	BCF         TRISD2_bit, BitPos(TRISD2_bit+0) 
;bai8_fw.c,27 :: 		TRISD3_bit = 0;
0x0148	0x9695      	BCF         TRISD3_bit, BitPos(TRISD3_bit+0) 
;bai8_fw.c,29 :: 		TRISE0_bit = 0;
0x014A	0x9096      	BCF         TRISE0_bit, BitPos(TRISE0_bit+0) 
;bai8_fw.c,30 :: 		LATE0_bit = 1;
0x014C	0x808D      	BSF         LATE0_bit, BitPos(LATE0_bit+0) 
;bai8_fw.c,31 :: 		TRISE1_bit = 0;
0x014E	0x9296      	BCF         TRISE1_bit, BitPos(TRISE1_bit+0) 
;bai8_fw.c,32 :: 		LATE1_bit = 1;
0x0150	0x828D      	BSF         LATE1_bit, BitPos(LATE1_bit+0) 
;bai8_fw.c,34 :: 		UART1_Init(9600);
0x0152	0x86B8      	BSF         BAUDCON, 3, 0
0x0154	0x0E02      	MOVLW       2
0x0156	0x6EB0      	MOVWF       SPBRGH 
0x0158	0x0E08      	MOVLW       8
0x015A	0x6EAF      	MOVWF       SPBRG 
0x015C	0x84AC      	BSF         TXSTA, 2, 0
0x015E	0xDFAD      	RCALL       _UART1_Init
;bai8_fw.c,35 :: 		delay_ms(100);
0x0160	0x0E03      	MOVLW       3
0x0162	0x6E0B      	MOVWF       R11, 0
0x0164	0x0E8A      	MOVLW       138
0x0166	0x6E0C      	MOVWF       R12, 0
0x0168	0x0E55      	MOVLW       85
0x016A	0x6E0D      	MOVWF       R13, 0
L_main0:
0x016C	0x2E0D      	DECFSZ      R13, 1, 0
0x016E	0xD7FE      	BRA         L_main0
0x0170	0x2E0C      	DECFSZ      R12, 1, 0
0x0172	0xD7FC      	BRA         L_main0
0x0174	0x2E0B      	DECFSZ      R11, 1, 0
0x0176	0xD7FA      	BRA         L_main0
0x0178	0x0000      	NOP
0x017A	0x0000      	NOP
;bai8_fw.c,37 :: 		while(1)
L_main1:
;bai8_fw.c,40 :: 		if(LATD0_bit == 0)
0x017C	0xB08C      	BTFSC       LATD0_bit, BitPos(LATD0_bit+0) 
0x017E	0xD010      	BRA         L_main3
;bai8_fw.c,42 :: 		LATE0_bit = !LATE0_bit;
0x0180	0x708D      	BTG         LATE0_bit, BitPos(LATE0_bit+0) 
;bai8_fw.c,43 :: 		delay_ms(300);
0x0182	0x0E08      	MOVLW       8
0x0184	0x6E0B      	MOVWF       R11, 0
0x0186	0x0E9D      	MOVLW       157
0x0188	0x6E0C      	MOVWF       R12, 0
0x018A	0x0E05      	MOVLW       5
0x018C	0x6E0D      	MOVWF       R13, 0
L_main4:
0x018E	0x2E0D      	DECFSZ      R13, 1, 0
0x0190	0xD7FE      	BRA         L_main4
0x0192	0x2E0C      	DECFSZ      R12, 1, 0
0x0194	0xD7FC      	BRA         L_main4
0x0196	0x2E0B      	DECFSZ      R11, 1, 0
0x0198	0xD7FA      	BRA         L_main4
0x019A	0x0000      	NOP
0x019C	0x0000      	NOP
;bai8_fw.c,44 :: 		}
0x019E	0xD002      	BRA         L_main5
L_main3:
;bai8_fw.c,45 :: 		else if(LATD0_bit == 1)
0x01A0	0xB08C      	BTFSC       LATD0_bit, BitPos(LATD0_bit+0) 
;bai8_fw.c,47 :: 		LATE0_bit = 1;
0x01A2	0x808D      	BSF         LATE0_bit, BitPos(LATE0_bit+0) 
;bai8_fw.c,48 :: 		}
L_main6:
L_main5:
;bai8_fw.c,49 :: 		if(LATE0_bit == 0)
0x01A4	0xB08D      	BTFSC       LATE0_bit, BitPos(LATE0_bit+0) 
0x01A6	0xD005      	BRA         L_main7
;bai8_fw.c,51 :: 		TransmitData = 'O';
0x01A8	0x0E4F      	MOVLW       79
0x01AA	0x6E1A      	MOVWF       _TransmitData 
;bai8_fw.c,52 :: 		UART1_Write(TransmitData);
0x01AC	0x0E4F      	MOVLW       79
0x01AE	0x6E2F      	MOVWF       FARG_UART1_Write_data_ 
0x01B0	0xDFAF      	RCALL       _UART1_Write
;bai8_fw.c,53 :: 		}
L_main7:
;bai8_fw.c,54 :: 		if(LATE0_bit == 1)
0x01B2	0xA08D      	BTFSS       LATE0_bit, BitPos(LATE0_bit+0) 
0x01B4	0xD005      	BRA         L_main8
;bai8_fw.c,56 :: 		TransmitData = 'F';
0x01B6	0x0E46      	MOVLW       70
0x01B8	0x6E1A      	MOVWF       _TransmitData 
;bai8_fw.c,57 :: 		UART1_Write(TransmitData);
0x01BA	0x0E46      	MOVLW       70
0x01BC	0x6E2F      	MOVWF       FARG_UART1_Write_data_ 
0x01BE	0xDFA8      	RCALL       _UART1_Write
;bai8_fw.c,58 :: 		}
L_main8:
;bai8_fw.c,60 :: 		if(LATD0_bit == 0 && LATD1_bit == 1)
0x01C0	0xB08C      	BTFSC       LATD0_bit, BitPos(LATD0_bit+0) 
0x01C2	0xD004      	BRA         L_main11
0x01C4	0xA28C      	BTFSS       LATD1_bit, BitPos(LATD1_bit+0) 
0x01C6	0xD002      	BRA         L_main11
L__main65:
;bai8_fw.c,62 :: 		LATE1_bit = 0;
0x01C8	0x928D      	BCF         LATE1_bit, BitPos(LATE1_bit+0) 
;bai8_fw.c,63 :: 		}
0x01CA	0xD001      	BRA         L_main12
L_main11:
;bai8_fw.c,64 :: 		else { LATE1_bit = 1; }
0x01CC	0x828D      	BSF         LATE1_bit, BitPos(LATE1_bit+0) 
L_main12:
;bai8_fw.c,65 :: 		if(LATE1_bit == 0)
0x01CE	0xB28D      	BTFSC       LATE1_bit, BitPos(LATE1_bit+0) 
0x01D0	0xD005      	BRA         L_main13
;bai8_fw.c,67 :: 		TransmitData = 'C';
0x01D2	0x0E43      	MOVLW       67
0x01D4	0x6E1A      	MOVWF       _TransmitData 
;bai8_fw.c,68 :: 		UART1_Write(TransmitData);
0x01D6	0x0E43      	MOVLW       67
0x01D8	0x6E2F      	MOVWF       FARG_UART1_Write_data_ 
0x01DA	0xDF9A      	RCALL       _UART1_Write
;bai8_fw.c,69 :: 		}
L_main13:
;bai8_fw.c,70 :: 		if(LATE1_bit == 1)
0x01DC	0xA28D      	BTFSS       LATE1_bit, BitPos(LATE1_bit+0) 
0x01DE	0xD005      	BRA         L_main14
;bai8_fw.c,72 :: 		TransmitData = 'V';
0x01E0	0x0E56      	MOVLW       86
0x01E2	0x6E1A      	MOVWF       _TransmitData 
;bai8_fw.c,73 :: 		UART1_Write(TransmitData);
0x01E4	0x0E56      	MOVLW       86
0x01E6	0x6E2F      	MOVWF       FARG_UART1_Write_data_ 
0x01E8	0xDF93      	RCALL       _UART1_Write
;bai8_fw.c,74 :: 		}
L_main14:
;bai8_fw.c,76 :: 		if(Button(&PORTB,0,10,0))
0x01EA	0x0E81      	MOVLW       PORTB
0x01EC	0x6E2F      	MOVWF       FARG_Button_port 
0x01EE	0x0E0F      	MOVLW       hi_addr(PORTB)
0x01F0	0x6E30      	MOVWF       FARG_Button_port+1 
0x01F2	0x6A31      	CLRF        FARG_Button_pin 
0x01F4	0x0E0A      	MOVLW       10
0x01F6	0x6E32      	MOVWF       FARG_Button_time_ms 
0x01F8	0x6A33      	CLRF        FARG_Button_active_state 
0x01FA	0xDF28      	RCALL       _Button
0x01FC	0x5200      	MOVF        R0, 1 
0x01FE	0xE045      	BZ          L_main15
;bai8_fw.c,79 :: 		while(Button(&PORTB,0,10,0));
L_main16:
0x0200	0x0E81      	MOVLW       PORTB
0x0202	0x6E2F      	MOVWF       FARG_Button_port 
0x0204	0x0E0F      	MOVLW       hi_addr(PORTB)
0x0206	0x6E30      	MOVWF       FARG_Button_port+1 
0x0208	0x6A31      	CLRF        FARG_Button_pin 
0x020A	0x0E0A      	MOVLW       10
0x020C	0x6E32      	MOVWF       FARG_Button_time_ms 
0x020E	0x6A33      	CLRF        FARG_Button_active_state 
0x0210	0xDF1D      	RCALL       _Button
0x0212	0x5200      	MOVF        R0, 1 
0x0214	0xE001      	BZ          L_main17
0x0216	0xD7F4      	BRA         L_main16
L_main17:
;bai8_fw.c,80 :: 		LATD0_bit = 1;
0x0218	0x808C      	BSF         LATD0_bit, BitPos(LATD0_bit+0) 
;bai8_fw.c,81 :: 		LATD1_bit = 1;
0x021A	0x828C      	BSF         LATD1_bit, BitPos(LATD1_bit+0) 
;bai8_fw.c,82 :: 		for(i=0;i<17;i++)
0x021C	0x6A27      	CLRF        main_i_L2 
0x021E	0x6A28      	CLRF        main_i_L2+1 
L_main18:
0x0220	0x0E80      	MOVLW       128
0x0222	0x1828      	XORWF       main_i_L2+1, 0 
0x0224	0x6E00      	MOVWF       R0 
0x0226	0x0E80      	MOVLW       128
0x0228	0x5C00      	SUBWF       R0, 0 
0x022A	0xE102      	BNZ         L__main67
0x022C	0x0E11      	MOVLW       17
0x022E	0x5C27      	SUBWF       main_i_L2, 0 
L__main67:
0x0230	0xE225      	BC          L_main19
;bai8_fw.c,84 :: 		LATE0_bit = !LATE0_bit;
0x0232	0x708D      	BTG         LATE0_bit, BitPos(LATE0_bit+0) 
;bai8_fw.c,85 :: 		delay_ms(300);
0x0234	0x0E08      	MOVLW       8
0x0236	0x6E0B      	MOVWF       R11, 0
0x0238	0x0E9D      	MOVLW       157
0x023A	0x6E0C      	MOVWF       R12, 0
0x023C	0x0E05      	MOVLW       5
0x023E	0x6E0D      	MOVWF       R13, 0
L_main21:
0x0240	0x2E0D      	DECFSZ      R13, 1, 0
0x0242	0xD7FE      	BRA         L_main21
0x0244	0x2E0C      	DECFSZ      R12, 1, 0
0x0246	0xD7FC      	BRA         L_main21
0x0248	0x2E0B      	DECFSZ      R11, 1, 0
0x024A	0xD7FA      	BRA         L_main21
0x024C	0x0000      	NOP
0x024E	0x0000      	NOP
;bai8_fw.c,86 :: 		if(LATE0_bit == 0)
0x0250	0xB08D      	BTFSC       LATE0_bit, BitPos(LATE0_bit+0) 
0x0252	0xD005      	BRA         L_main22
;bai8_fw.c,88 :: 		TransmitData = 'O';
0x0254	0x0E4F      	MOVLW       79
0x0256	0x6E1A      	MOVWF       _TransmitData 
;bai8_fw.c,89 :: 		UART1_Write(TransmitData);
0x0258	0x0E4F      	MOVLW       79
0x025A	0x6E2F      	MOVWF       FARG_UART1_Write_data_ 
0x025C	0xDF59      	RCALL       _UART1_Write
;bai8_fw.c,90 :: 		}
L_main22:
;bai8_fw.c,91 :: 		if(LATE0_bit == 1)
0x025E	0xA08D      	BTFSS       LATE0_bit, BitPos(LATE0_bit+0) 
0x0260	0xD005      	BRA         L_main23
;bai8_fw.c,93 :: 		TransmitData = 'F';
0x0262	0x0E46      	MOVLW       70
0x0264	0x6E1A      	MOVWF       _TransmitData 
;bai8_fw.c,94 :: 		UART1_Write(TransmitData);
0x0266	0x0E46      	MOVLW       70
0x0268	0x6E2F      	MOVWF       FARG_UART1_Write_data_ 
0x026A	0xDF52      	RCALL       _UART1_Write
;bai8_fw.c,95 :: 		}
L_main23:
;bai8_fw.c,96 :: 		TransmitData = 'Q';
0x026C	0x0E51      	MOVLW       81
0x026E	0x6E1A      	MOVWF       _TransmitData 
;bai8_fw.c,97 :: 		UART1_Write(TransmitData);
0x0270	0x0E51      	MOVLW       81
0x0272	0x6E2F      	MOVWF       FARG_UART1_Write_data_ 
0x0274	0xDF4D      	RCALL       _UART1_Write
;bai8_fw.c,82 :: 		for(i=0;i<17;i++)
0x0276	0x4A27      	INFSNZ      main_i_L2, 1 
0x0278	0x2A28      	INCF        main_i_L2+1, 1 
;bai8_fw.c,98 :: 		}
0x027A	0xD7D2      	BRA         L_main18
L_main19:
;bai8_fw.c,99 :: 		TransmitData = 'A';
0x027C	0x0E41      	MOVLW       65
0x027E	0x6E1A      	MOVWF       _TransmitData 
;bai8_fw.c,100 :: 		UART1_Write(TransmitData);
0x0280	0x0E41      	MOVLW       65
0x0282	0x6E2F      	MOVWF       FARG_UART1_Write_data_ 
0x0284	0xDF45      	RCALL       _UART1_Write
;bai8_fw.c,101 :: 		LATD0_bit = 0;
0x0286	0x908C      	BCF         LATD0_bit, BitPos(LATD0_bit+0) 
;bai8_fw.c,102 :: 		LATD1_bit = 0;
0x0288	0x928C      	BCF         LATD1_bit, BitPos(LATD1_bit+0) 
;bai8_fw.c,103 :: 		}
L_main15:
;bai8_fw.c,104 :: 		if(Button(&PORTB,1,10,0))
0x028A	0x0E81      	MOVLW       PORTB
0x028C	0x6E2F      	MOVWF       FARG_Button_port 
0x028E	0x0E0F      	MOVLW       hi_addr(PORTB)
0x0290	0x6E30      	MOVWF       FARG_Button_port+1 
0x0292	0x0E01      	MOVLW       1
0x0294	0x6E31      	MOVWF       FARG_Button_pin 
0x0296	0x0E0A      	MOVLW       10
0x0298	0x6E32      	MOVWF       FARG_Button_time_ms 
0x029A	0x6A33      	CLRF        FARG_Button_active_state 
0x029C	0xDED7      	RCALL       _Button
0x029E	0x5200      	MOVF        R0, 1 
0x02A0	0xE046      	BZ          L_main24
;bai8_fw.c,107 :: 		while(Button(&PORTB,1,10,0));
L_main25:
0x02A2	0x0E81      	MOVLW       PORTB
0x02A4	0x6E2F      	MOVWF       FARG_Button_port 
0x02A6	0x0E0F      	MOVLW       hi_addr(PORTB)
0x02A8	0x6E30      	MOVWF       FARG_Button_port+1 
0x02AA	0x0E01      	MOVLW       1
0x02AC	0x6E31      	MOVWF       FARG_Button_pin 
0x02AE	0x0E0A      	MOVLW       10
0x02B0	0x6E32      	MOVWF       FARG_Button_time_ms 
0x02B2	0x6A33      	CLRF        FARG_Button_active_state 
0x02B4	0xDECB      	RCALL       _Button
0x02B6	0x5200      	MOVF        R0, 1 
0x02B8	0xE001      	BZ          L_main26
0x02BA	0xD7F3      	BRA         L_main25
L_main26:
;bai8_fw.c,108 :: 		LATD0_bit = 1;
0x02BC	0x808C      	BSF         LATD0_bit, BitPos(LATD0_bit+0) 
;bai8_fw.c,109 :: 		LATD1_bit = 1;
0x02BE	0x828C      	BSF         LATD1_bit, BitPos(LATD1_bit+0) 
;bai8_fw.c,110 :: 		for(i=0;i<17;i++)
0x02C0	0x6A29      	CLRF        main_i_L2_L2 
0x02C2	0x6A2A      	CLRF        main_i_L2_L2+1 
L_main27:
0x02C4	0x0E80      	MOVLW       128
0x02C6	0x182A      	XORWF       main_i_L2_L2+1, 0 
0x02C8	0x6E00      	MOVWF       R0 
0x02CA	0x0E80      	MOVLW       128
0x02CC	0x5C00      	SUBWF       R0, 0 
0x02CE	0xE102      	BNZ         L__main68
0x02D0	0x0E11      	MOVLW       17
0x02D2	0x5C29      	SUBWF       main_i_L2_L2, 0 
L__main68:
0x02D4	0xE225      	BC          L_main28
;bai8_fw.c,112 :: 		LATE0_bit = !LATE0_bit;
0x02D6	0x708D      	BTG         LATE0_bit, BitPos(LATE0_bit+0) 
;bai8_fw.c,113 :: 		delay_ms(300);
0x02D8	0x0E08      	MOVLW       8
0x02DA	0x6E0B      	MOVWF       R11, 0
0x02DC	0x0E9D      	MOVLW       157
0x02DE	0x6E0C      	MOVWF       R12, 0
0x02E0	0x0E05      	MOVLW       5
0x02E2	0x6E0D      	MOVWF       R13, 0
L_main30:
0x02E4	0x2E0D      	DECFSZ      R13, 1, 0
0x02E6	0xD7FE      	BRA         L_main30
0x02E8	0x2E0C      	DECFSZ      R12, 1, 0
0x02EA	0xD7FC      	BRA         L_main30
0x02EC	0x2E0B      	DECFSZ      R11, 1, 0
0x02EE	0xD7FA      	BRA         L_main30
0x02F0	0x0000      	NOP
0x02F2	0x0000      	NOP
;bai8_fw.c,114 :: 		if(LATE0_bit == 0)
0x02F4	0xB08D      	BTFSC       LATE0_bit, BitPos(LATE0_bit+0) 
0x02F6	0xD005      	BRA         L_main31
;bai8_fw.c,116 :: 		TransmitData = 'O';
0x02F8	0x0E4F      	MOVLW       79
0x02FA	0x6E1A      	MOVWF       _TransmitData 
;bai8_fw.c,117 :: 		UART1_Write(TransmitData);
0x02FC	0x0E4F      	MOVLW       79
0x02FE	0x6E2F      	MOVWF       FARG_UART1_Write_data_ 
0x0300	0xDF07      	RCALL       _UART1_Write
;bai8_fw.c,118 :: 		}
L_main31:
;bai8_fw.c,119 :: 		if(LATE0_bit == 1)
0x0302	0xA08D      	BTFSS       LATE0_bit, BitPos(LATE0_bit+0) 
0x0304	0xD005      	BRA         L_main32
;bai8_fw.c,121 :: 		TransmitData = 'F';
0x0306	0x0E46      	MOVLW       70
0x0308	0x6E1A      	MOVWF       _TransmitData 
;bai8_fw.c,122 :: 		UART1_Write(TransmitData);
0x030A	0x0E46      	MOVLW       70
0x030C	0x6E2F      	MOVWF       FARG_UART1_Write_data_ 
0x030E	0xDF00      	RCALL       _UART1_Write
;bai8_fw.c,123 :: 		}
L_main32:
;bai8_fw.c,124 :: 		TransmitData = 'W';
0x0310	0x0E57      	MOVLW       87
0x0312	0x6E1A      	MOVWF       _TransmitData 
;bai8_fw.c,125 :: 		UART1_Write(TransmitData);
0x0314	0x0E57      	MOVLW       87
0x0316	0x6E2F      	MOVWF       FARG_UART1_Write_data_ 
0x0318	0xDEFB      	RCALL       _UART1_Write
;bai8_fw.c,110 :: 		for(i=0;i<17;i++)
0x031A	0x4A29      	INFSNZ      main_i_L2_L2, 1 
0x031C	0x2A2A      	INCF        main_i_L2_L2+1, 1 
;bai8_fw.c,126 :: 		}
0x031E	0xD7D2      	BRA         L_main27
L_main28:
;bai8_fw.c,127 :: 		TransmitData = 'S';
0x0320	0x0E53      	MOVLW       83
0x0322	0x6E1A      	MOVWF       _TransmitData 
;bai8_fw.c,128 :: 		UART1_Write(TransmitData);
0x0324	0x0E53      	MOVLW       83
0x0326	0x6E2F      	MOVWF       FARG_UART1_Write_data_ 
0x0328	0xDEF3      	RCALL       _UART1_Write
;bai8_fw.c,129 :: 		LATD0_bit = 0;
0x032A	0x908C      	BCF         LATD0_bit, BitPos(LATD0_bit+0) 
;bai8_fw.c,130 :: 		LATD1_bit = 1;
0x032C	0x828C      	BSF         LATD1_bit, BitPos(LATD1_bit+0) 
;bai8_fw.c,131 :: 		}
L_main24:
;bai8_fw.c,132 :: 		if (Button(&PORTB,2,10,0))
0x032E	0x0E81      	MOVLW       PORTB
0x0330	0x6E2F      	MOVWF       FARG_Button_port 
0x0332	0x0E0F      	MOVLW       hi_addr(PORTB)
0x0334	0x6E30      	MOVWF       FARG_Button_port+1 
0x0336	0x0E02      	MOVLW       2
0x0338	0x6E31      	MOVWF       FARG_Button_pin 
0x033A	0x0E0A      	MOVLW       10
0x033C	0x6E32      	MOVWF       FARG_Button_time_ms 
0x033E	0x6A33      	CLRF        FARG_Button_active_state 
0x0340	0xDE85      	RCALL       _Button
0x0342	0x5200      	MOVF        R0, 1 
0x0344	0xE014      	BZ          L_main33
;bai8_fw.c,134 :: 		while(Button(&PORTB,2,10,0));
L_main34:
0x0346	0x0E81      	MOVLW       PORTB
0x0348	0x6E2F      	MOVWF       FARG_Button_port 
0x034A	0x0E0F      	MOVLW       hi_addr(PORTB)
0x034C	0x6E30      	MOVWF       FARG_Button_port+1 
0x034E	0x0E02      	MOVLW       2
0x0350	0x6E31      	MOVWF       FARG_Button_pin 
0x0352	0x0E0A      	MOVLW       10
0x0354	0x6E32      	MOVWF       FARG_Button_time_ms 
0x0356	0x6A33      	CLRF        FARG_Button_active_state 
0x0358	0xDE79      	RCALL       _Button
0x035A	0x5200      	MOVF        R0, 1 
0x035C	0xE001      	BZ          L_main35
0x035E	0xD7F3      	BRA         L_main34
L_main35:
;bai8_fw.c,135 :: 		TransmitData = 'D';
0x0360	0x0E44      	MOVLW       68
0x0362	0x6E1A      	MOVWF       _TransmitData 
;bai8_fw.c,136 :: 		UART1_Write(TransmitData);
0x0364	0x0E44      	MOVLW       68
0x0366	0x6E2F      	MOVWF       FARG_UART1_Write_data_ 
0x0368	0xDED3      	RCALL       _UART1_Write
;bai8_fw.c,137 :: 		LATD0_bit = 1;
0x036A	0x808C      	BSF         LATD0_bit, BitPos(LATD0_bit+0) 
;bai8_fw.c,138 :: 		LATD1_bit = 1;
0x036C	0x828C      	BSF         LATD1_bit, BitPos(LATD1_bit+0) 
;bai8_fw.c,139 :: 		}
L_main33:
;bai8_fw.c,140 :: 		if(LATD0_bit == 0 && LATD1_bit == 0)
0x036E	0xB08C      	BTFSC       LATD0_bit, BitPos(LATD0_bit+0) 
0x0370	0xD015      	BRA         L_main38
0x0372	0xB28C      	BTFSC       LATD1_bit, BitPos(LATD1_bit+0) 
0x0374	0xD013      	BRA         L_main38
L__main64:
;bai8_fw.c,142 :: 		if(BUTTON(&PORTC, 0, 10, 0))
0x0376	0x0E82      	MOVLW       PORTC
0x0378	0x6E2F      	MOVWF       FARG_Button_port 
0x037A	0x0E0F      	MOVLW       hi_addr(PORTC)
0x037C	0x6E30      	MOVWF       FARG_Button_port+1 
0x037E	0x6A31      	CLRF        FARG_Button_pin 
0x0380	0x0E0A      	MOVLW       10
0x0382	0x6E32      	MOVWF       FARG_Button_time_ms 
0x0384	0x6A33      	CLRF        FARG_Button_active_state 
0x0386	0xDE62      	RCALL       _Button
0x0388	0x5200      	MOVF        R0, 1 
0x038A	0xE007      	BZ          L_main39
;bai8_fw.c,144 :: 		TransmitData = 'G';
0x038C	0x0E47      	MOVLW       71
0x038E	0x6E1A      	MOVWF       _TransmitData 
;bai8_fw.c,145 :: 		UART1_Write(TransmitData);
0x0390	0x0E47      	MOVLW       71
0x0392	0x6E2F      	MOVWF       FARG_UART1_Write_data_ 
0x0394	0xDEBD      	RCALL       _UART1_Write
;bai8_fw.c,146 :: 		LATD0_bit = 1;
0x0396	0x808C      	BSF         LATD0_bit, BitPos(LATD0_bit+0) 
;bai8_fw.c,147 :: 		LATD1_bit = 1;
0x0398	0x828C      	BSF         LATD1_bit, BitPos(LATD1_bit+0) 
;bai8_fw.c,148 :: 		}
L_main39:
;bai8_fw.c,149 :: 		}
0x039A	0xD013      	BRA         L_main40
L_main38:
;bai8_fw.c,152 :: 		if(BUTTON(&PORTC, 2, 10, 0))
0x039C	0x0E82      	MOVLW       PORTC
0x039E	0x6E2F      	MOVWF       FARG_Button_port 
0x03A0	0x0E0F      	MOVLW       hi_addr(PORTC)
0x03A2	0x6E30      	MOVWF       FARG_Button_port+1 
0x03A4	0x0E02      	MOVLW       2
0x03A6	0x6E31      	MOVWF       FARG_Button_pin 
0x03A8	0x0E0A      	MOVLW       10
0x03AA	0x6E32      	MOVWF       FARG_Button_time_ms 
0x03AC	0x6A33      	CLRF        FARG_Button_active_state 
0x03AE	0xDE4E      	RCALL       _Button
0x03B0	0x5200      	MOVF        R0, 1 
0x03B2	0xE007      	BZ          L_main41
;bai8_fw.c,154 :: 		TransmitData = 'H';
0x03B4	0x0E48      	MOVLW       72
0x03B6	0x6E1A      	MOVWF       _TransmitData 
;bai8_fw.c,155 :: 		UART1_Write(TransmitData);
0x03B8	0x0E48      	MOVLW       72
0x03BA	0x6E2F      	MOVWF       FARG_UART1_Write_data_ 
0x03BC	0xDEA9      	RCALL       _UART1_Write
;bai8_fw.c,156 :: 		LATD0_bit = 1;
0x03BE	0x808C      	BSF         LATD0_bit, BitPos(LATD0_bit+0) 
;bai8_fw.c,157 :: 		LATD1_bit = 1;
0x03C0	0x828C      	BSF         LATD1_bit, BitPos(LATD1_bit+0) 
;bai8_fw.c,158 :: 		}
L_main41:
;bai8_fw.c,159 :: 		}
L_main40:
;bai8_fw.c,161 :: 		if(UART1_Data_Ready() == 1)
0x03C2	0xDE36      	RCALL       _UART1_Data_Ready
0x03C4	0x5000      	MOVF        R0, 0 
0x03C6	0x0A01      	XORLW       1
0x03C8	0xA4D8      	BTFSS       STATUS, 2 
0x03CA	0xD093      	BRA         L_main42
;bai8_fw.c,163 :: 		ReceiveData = UART1_Read();
0x03CC	0xDE36      	RCALL       _UART1_Read
0x03CE	0xF019C000  	MOVFF       R0, _ReceiveData
;bai8_fw.c,164 :: 		if(ReceiveData == '!')
0x03D2	0x5000      	MOVF        R0, 0 
0x03D4	0x0A21      	XORLW       33
0x03D6	0xE135      	BNZ         L_main43
;bai8_fw.c,167 :: 		LATD0_bit = 1;
0x03D8	0x808C      	BSF         LATD0_bit, BitPos(LATD0_bit+0) 
;bai8_fw.c,168 :: 		LATD1_bit = 1;
0x03DA	0x828C      	BSF         LATD1_bit, BitPos(LATD1_bit+0) 
;bai8_fw.c,169 :: 		for(i=0;i<17;i++)
0x03DC	0x6A2B      	CLRF        main_i_L3 
0x03DE	0x6A2C      	CLRF        main_i_L3+1 
L_main44:
0x03E0	0x0E80      	MOVLW       128
0x03E2	0x182C      	XORWF       main_i_L3+1, 0 
0x03E4	0x6E00      	MOVWF       R0 
0x03E6	0x0E80      	MOVLW       128
0x03E8	0x5C00      	SUBWF       R0, 0 
0x03EA	0xE102      	BNZ         L__main69
0x03EC	0x0E11      	MOVLW       17
0x03EE	0x5C2B      	SUBWF       main_i_L3, 0 
L__main69:
0x03F0	0xE220      	BC          L_main45
;bai8_fw.c,171 :: 		LATE0_bit = !LATE0_bit;
0x03F2	0x708D      	BTG         LATE0_bit, BitPos(LATE0_bit+0) 
;bai8_fw.c,172 :: 		delay_ms(300);
0x03F4	0x0E08      	MOVLW       8
0x03F6	0x6E0B      	MOVWF       R11, 0
0x03F8	0x0E9D      	MOVLW       157
0x03FA	0x6E0C      	MOVWF       R12, 0
0x03FC	0x0E05      	MOVLW       5
0x03FE	0x6E0D      	MOVWF       R13, 0
L_main47:
0x0400	0x2E0D      	DECFSZ      R13, 1, 0
0x0402	0xD7FE      	BRA         L_main47
0x0404	0x2E0C      	DECFSZ      R12, 1, 0
0x0406	0xD7FC      	BRA         L_main47
0x0408	0x2E0B      	DECFSZ      R11, 1, 0
0x040A	0xD7FA      	BRA         L_main47
0x040C	0x0000      	NOP
0x040E	0x0000      	NOP
;bai8_fw.c,173 :: 		if(LATE0_bit == 0)
0x0410	0xB08D      	BTFSC       LATE0_bit, BitPos(LATE0_bit+0) 
0x0412	0xD005      	BRA         L_main48
;bai8_fw.c,175 :: 		TransmitData = 'O';
0x0414	0x0E4F      	MOVLW       79
0x0416	0x6E1A      	MOVWF       _TransmitData 
;bai8_fw.c,176 :: 		UART1_Write(TransmitData);
0x0418	0x0E4F      	MOVLW       79
0x041A	0x6E2F      	MOVWF       FARG_UART1_Write_data_ 
0x041C	0xDE79      	RCALL       _UART1_Write
;bai8_fw.c,177 :: 		}
L_main48:
;bai8_fw.c,178 :: 		if(LATE0_bit == 1)
0x041E	0xA08D      	BTFSS       LATE0_bit, BitPos(LATE0_bit+0) 
0x0420	0xD005      	BRA         L_main49
;bai8_fw.c,180 :: 		TransmitData = 'F';
0x0422	0x0E46      	MOVLW       70
0x0424	0x6E1A      	MOVWF       _TransmitData 
;bai8_fw.c,181 :: 		UART1_Write(TransmitData);
0x0426	0x0E46      	MOVLW       70
0x0428	0x6E2F      	MOVWF       FARG_UART1_Write_data_ 
0x042A	0xDE72      	RCALL       _UART1_Write
;bai8_fw.c,182 :: 		}
L_main49:
;bai8_fw.c,169 :: 		for(i=0;i<17;i++)
0x042C	0x4A2B      	INFSNZ      main_i_L3, 1 
0x042E	0x2A2C      	INCF        main_i_L3+1, 1 
;bai8_fw.c,183 :: 		}
0x0430	0xD7D7      	BRA         L_main44
L_main45:
;bai8_fw.c,184 :: 		TransmitData = 'A';
0x0432	0x0E41      	MOVLW       65
0x0434	0x6E1A      	MOVWF       _TransmitData 
;bai8_fw.c,185 :: 		UART1_Write(TransmitData);
0x0436	0x0E41      	MOVLW       65
0x0438	0x6E2F      	MOVWF       FARG_UART1_Write_data_ 
0x043A	0xDE6A      	RCALL       _UART1_Write
;bai8_fw.c,186 :: 		LATD0_bit = 0;
0x043C	0x908C      	BCF         LATD0_bit, BitPos(LATD0_bit+0) 
;bai8_fw.c,187 :: 		LATD1_bit = 0;
0x043E	0x928C      	BCF         LATD1_bit, BitPos(LATD1_bit+0) 
;bai8_fw.c,188 :: 		}
0x0440	0xD058      	BRA         L_main50
L_main43:
;bai8_fw.c,189 :: 		else if(ReceiveData == '@')
0x0442	0x5019      	MOVF        _ReceiveData, 0 
0x0444	0x0A40      	XORLW       64
0x0446	0xE135      	BNZ         L_main51
;bai8_fw.c,192 :: 		LATD0_bit = 1;
0x0448	0x808C      	BSF         LATD0_bit, BitPos(LATD0_bit+0) 
;bai8_fw.c,193 :: 		LATD1_bit = 1;
0x044A	0x828C      	BSF         LATD1_bit, BitPos(LATD1_bit+0) 
;bai8_fw.c,194 :: 		for(i=0;i<17;i++)
0x044C	0x6A2D      	CLRF        main_i_L3_L3 
0x044E	0x6A2E      	CLRF        main_i_L3_L3+1 
L_main52:
0x0450	0x0E80      	MOVLW       128
0x0452	0x182E      	XORWF       main_i_L3_L3+1, 0 
0x0454	0x6E00      	MOVWF       R0 
0x0456	0x0E80      	MOVLW       128
0x0458	0x5C00      	SUBWF       R0, 0 
0x045A	0xE102      	BNZ         L__main70
0x045C	0x0E11      	MOVLW       17
0x045E	0x5C2D      	SUBWF       main_i_L3_L3, 0 
L__main70:
0x0460	0xE220      	BC          L_main53
;bai8_fw.c,196 :: 		LATE0_bit = !LATE0_bit;
0x0462	0x708D      	BTG         LATE0_bit, BitPos(LATE0_bit+0) 
;bai8_fw.c,197 :: 		delay_ms(300);
0x0464	0x0E08      	MOVLW       8
0x0466	0x6E0B      	MOVWF       R11, 0
0x0468	0x0E9D      	MOVLW       157
0x046A	0x6E0C      	MOVWF       R12, 0
0x046C	0x0E05      	MOVLW       5
0x046E	0x6E0D      	MOVWF       R13, 0
L_main55:
0x0470	0x2E0D      	DECFSZ      R13, 1, 0
0x0472	0xD7FE      	BRA         L_main55
0x0474	0x2E0C      	DECFSZ      R12, 1, 0
0x0476	0xD7FC      	BRA         L_main55
0x0478	0x2E0B      	DECFSZ      R11, 1, 0
0x047A	0xD7FA      	BRA         L_main55
0x047C	0x0000      	NOP
0x047E	0x0000      	NOP
;bai8_fw.c,198 :: 		if(LATE0_bit == 0)
0x0480	0xB08D      	BTFSC       LATE0_bit, BitPos(LATE0_bit+0) 
0x0482	0xD005      	BRA         L_main56
;bai8_fw.c,200 :: 		TransmitData = 'O';
0x0484	0x0E4F      	MOVLW       79
0x0486	0x6E1A      	MOVWF       _TransmitData 
;bai8_fw.c,201 :: 		UART1_Write(TransmitData);
0x0488	0x0E4F      	MOVLW       79
0x048A	0x6E2F      	MOVWF       FARG_UART1_Write_data_ 
0x048C	0xDE41      	RCALL       _UART1_Write
;bai8_fw.c,202 :: 		}
L_main56:
;bai8_fw.c,203 :: 		if(LATE0_bit == 1)
0x048E	0xA08D      	BTFSS       LATE0_bit, BitPos(LATE0_bit+0) 
0x0490	0xD005      	BRA         L_main57
;bai8_fw.c,205 :: 		TransmitData = 'F';
0x0492	0x0E46      	MOVLW       70
0x0494	0x6E1A      	MOVWF       _TransmitData 
;bai8_fw.c,206 :: 		UART1_Write(TransmitData);
0x0496	0x0E46      	MOVLW       70
0x0498	0x6E2F      	MOVWF       FARG_UART1_Write_data_ 
0x049A	0xDE3A      	RCALL       _UART1_Write
;bai8_fw.c,207 :: 		}
L_main57:
;bai8_fw.c,194 :: 		for(i=0;i<17;i++)
0x049C	0x4A2D      	INFSNZ      main_i_L3_L3, 1 
0x049E	0x2A2E      	INCF        main_i_L3_L3+1, 1 
;bai8_fw.c,208 :: 		}
0x04A0	0xD7D7      	BRA         L_main52
L_main53:
;bai8_fw.c,209 :: 		TransmitData = 'S';
0x04A2	0x0E53      	MOVLW       83
0x04A4	0x6E1A      	MOVWF       _TransmitData 
;bai8_fw.c,210 :: 		UART1_Write(TransmitData);
0x04A6	0x0E53      	MOVLW       83
0x04A8	0x6E2F      	MOVWF       FARG_UART1_Write_data_ 
0x04AA	0xDE32      	RCALL       _UART1_Write
;bai8_fw.c,211 :: 		LATD0_bit = 0;
0x04AC	0x908C      	BCF         LATD0_bit, BitPos(LATD0_bit+0) 
;bai8_fw.c,212 :: 		LATD1_bit = 1;
0x04AE	0x828C      	BSF         LATD1_bit, BitPos(LATD1_bit+0) 
;bai8_fw.c,213 :: 		}
0x04B0	0xD020      	BRA         L_main58
L_main51:
;bai8_fw.c,214 :: 		else if(ReceiveData == '#')
0x04B2	0x5019      	MOVF        _ReceiveData, 0 
0x04B4	0x0A23      	XORLW       35
0x04B6	0xE108      	BNZ         L_main59
;bai8_fw.c,216 :: 		TransmitData = 'D';
0x04B8	0x0E44      	MOVLW       68
0x04BA	0x6E1A      	MOVWF       _TransmitData 
;bai8_fw.c,217 :: 		UART1_Write(TransmitData);
0x04BC	0x0E44      	MOVLW       68
0x04BE	0x6E2F      	MOVWF       FARG_UART1_Write_data_ 
0x04C0	0xDE27      	RCALL       _UART1_Write
;bai8_fw.c,218 :: 		LATD0_bit = 1;
0x04C2	0x808C      	BSF         LATD0_bit, BitPos(LATD0_bit+0) 
;bai8_fw.c,219 :: 		LATD1_bit = 1;
0x04C4	0x828C      	BSF         LATD1_bit, BitPos(LATD1_bit+0) 
;bai8_fw.c,220 :: 		}
0x04C6	0xD015      	BRA         L_main60
L_main59:
;bai8_fw.c,221 :: 		else if(ReceiveData == '$')
0x04C8	0x5019      	MOVF        _ReceiveData, 0 
0x04CA	0x0A24      	XORLW       36
0x04CC	0xE108      	BNZ         L_main61
;bai8_fw.c,223 :: 		TransmitData = 'G';
0x04CE	0x0E47      	MOVLW       71
0x04D0	0x6E1A      	MOVWF       _TransmitData 
;bai8_fw.c,224 :: 		UART1_Write(TransmitData);
0x04D2	0x0E47      	MOVLW       71
0x04D4	0x6E2F      	MOVWF       FARG_UART1_Write_data_ 
0x04D6	0xDE1C      	RCALL       _UART1_Write
;bai8_fw.c,225 :: 		LATD0_bit = 1;
0x04D8	0x808C      	BSF         LATD0_bit, BitPos(LATD0_bit+0) 
;bai8_fw.c,226 :: 		LATD1_bit = 1;
0x04DA	0x828C      	BSF         LATD1_bit, BitPos(LATD1_bit+0) 
;bai8_fw.c,227 :: 		}
0x04DC	0xD00A      	BRA         L_main62
L_main61:
;bai8_fw.c,228 :: 		else if(ReceiveData == '%')
0x04DE	0x5019      	MOVF        _ReceiveData, 0 
0x04E0	0x0A25      	XORLW       37
0x04E2	0xE107      	BNZ         L_main63
;bai8_fw.c,230 :: 		TransmitData = 'H';
0x04E4	0x0E48      	MOVLW       72
0x04E6	0x6E1A      	MOVWF       _TransmitData 
;bai8_fw.c,231 :: 		UART1_Write(TransmitData);
0x04E8	0x0E48      	MOVLW       72
0x04EA	0x6E2F      	MOVWF       FARG_UART1_Write_data_ 
0x04EC	0xDE11      	RCALL       _UART1_Write
;bai8_fw.c,232 :: 		LATD0_bit = 1;
0x04EE	0x808C      	BSF         LATD0_bit, BitPos(LATD0_bit+0) 
;bai8_fw.c,233 :: 		LATD1_bit = 1;
0x04F0	0x828C      	BSF         LATD1_bit, BitPos(LATD1_bit+0) 
;bai8_fw.c,234 :: 		}
L_main63:
L_main62:
L_main60:
L_main58:
L_main50:
;bai8_fw.c,235 :: 		}
L_main42:
;bai8_fw.c,236 :: 		}
0x04F2	0xD644      	BRA         L_main1
;bai8_fw.c,237 :: 		}
L_end_main:
0x04F4	0xD7FF      	BRA         $+0
; end of _main
Symbol List:
//** Routines locations **
//ADDRESS    SIZE    PROCEDURE
//----------------------------------------------
0x001C      [20]    _Delay_500us
0x0030      [10]    _UART1_Data_Ready
0x003A      [18]    _UART1_Read
0x004C     [110]    _Button
0x00BA      [86]    _UART1_Init
0x0110      [14]    _UART1_Write
0x011E     [984]    _main
//** Variables locations ** 
//ADDRESS    SIZE    VARIABLE
//----------------------------------------------
0x0000       [1]    R0
0x0000       [1]    UART1_Init_tmp_L0
0x0001       [1]    R1
0x0001       [1]    UART1_Read___tmp_UART1_Read_L0
0x0002       [1]    R2
0x0003       [1]    R3
0x0004       [1]    R4
0x0005       [1]    R5
0x0006       [1]    R6
0x0007       [1]    R7
0x0008       [1]    R8
0x0009       [1]    R9
0x000A       [1]    R10
0x000B       [1]    R11
0x000C       [1]    R12
0x000D       [1]    R13
0x000E       [1]    R14
0x000F       [1]    R15
0x0010       [1]    R16
0x0011       [1]    R17
0x0012       [1]    R18
0x0013       [1]    R19
0x0014       [1]    R20
0x0015       [4]    _UART_Wr_Ptr
0x0019       [1]    _ReceiveData
0x001A       [1]    _TransmitData
0x001B       [4]    _UART_Tx_Idle_Ptr
0x001F       [4]    _UART_Rdy_Ptr
0x0023       [4]    _UART_Rd_Ptr
0x0027       [2]    main_i_L2
0x0029       [2]    main_i_L2_L2
0x002B       [2]    main_i_L3
0x002D       [2]    main_i_L3_L3
0x002F       [1]    FARG_UART1_Write_data_
0x002F       [2]    FARG_Button_port
0x0031       [1]    FARG_Button_pin
0x0032       [1]    FARG_Button_time_ms
0x0033       [1]    FARG_Button_active_state
0x0034       [1]    Button_pMask_L0
0x0035       [1]    Button_rslt_L0
0x0F81       [1]    PORTB
0x0F82       [1]    PORTC
0x0F83       [1]    PORTD
0x0F8A       [1]    LATB
0x0F8C       [0]    LATD2_bit
0x0F8C       [0]    LATD3_bit
0x0F8C       [1]    LATD
0x0F8C       [0]    LATD0_bit
0x0F8C       [0]    LATD1_bit
0x0F8D       [0]    LATE1_bit
0x0F8D       [0]    LATE0_bit
0x0F93       [0]    TRISB2_bit
0x0F93       [0]    TRISB0_bit
0x0F93       [0]    TRISB1_bit
0x0F94       [0]    TRISC1_bit
0x0F94       [0]    TRISC0_bit
0x0F94       [0]    TRISC7_bit
0x0F94       [0]    TRISC6_bit
0x0F94       [0]    TRISC2_bit
0x0F95       [0]    TRISD1_bit
0x0F95       [0]    TRISD2_bit
0x0F95       [0]    TRISD0_bit
0x0F95       [0]    TRISD3_bit
0x0F96       [0]    TRISE1_bit
0x0F96       [0]    TRISE0_bit
0x0F9E       [1]    PIR1
0x0FAB       [1]    RCSTA
0x0FAC       [1]    TXSTA
0x0FAD       [1]    TXREG
0x0FAE       [1]    RCREG
0x0FAF       [1]    SPBRG
0x0FB0       [1]    SPBRGH
0x0FB4       [1]    CMCON
0x0FB8       [1]    BAUDCON
0x0FC1       [1]    ADCON1
0x0FD8       [1]    STATUS
0x0FD9       [1]    FSR2L
0x0FDA       [1]    FSR2H
0x0FDE       [1]    POSTINC2
0x0FE0       [1]    BSR
0x0FE1       [1]    FSR1L
0x0FE2       [1]    FSR1H
0x0FE4       [1]    PREINC1
0x0FE6       [1]    POSTINC1
0x0FE7       [1]    INDF1
0x0FE8       [1]    WREG
0x0FE9       [1]    FSR0L
0x0FEA       [1]    FSR0H
0x0FEE       [1]    POSTINC0
0x0FF3       [1]    PRODL
0x0FF4       [1]    PRODH
0x0FF5       [1]    TABLAT
0x0FF6       [1]    TBLPTRL
0x0FF7       [1]    TBLPTRH
0x0FF8       [1]    TBLPTRU
