;  LST file generated by mikroListExporter - v.2.0 
; Date/Time: 27/03/2022 4:51:50 CH
;----------------------------------------------

;Address Opcode 	ASM
0x0000	0xF000EF8F  	GOTO        286
0x0004	0x0000      	NOP
0x0006	0x0000      	NOP
0x0008	0xF000EF00  	GOTO        0
0x000C	0x0000      	NOP
0x000E	0x0000      	NOP
0x0010	0x0000      	NOP
0x0012	0x0000      	NOP
0x0014	0x0000      	NOP
0x0016	0x0000      	NOP
0x0018	0xD7F3      	BRA         0
_Delay_500us:
;__Lib_Delays.c,27 :: 		void Delay_500us() {
;__Lib_Delays.c,28 :: 		Delay_us(498);
0x001C	0x0E04      	MOVLW       4
0x001E	0x6E0C      	MOVWF       R12, 0
0x0020	0x0E3A      	MOVLW       58
0x0022	0x6E0D      	MOVWF       R13, 0
L_Delay_500us4:
0x0024	0x2E0D      	DECFSZ      R13, 1, 0
0x0026	0xD7FE      	BRA         L_Delay_500us4
0x0028	0x2E0C      	DECFSZ      R12, 1, 0
0x002A	0xD7FC      	BRA         L_Delay_500us4
0x002C	0x0000      	NOP
;__Lib_Delays.c,29 :: 		}
L_end_Delay_500us:
0x002E	0x0012      	RETURN      0
; end of _Delay_500us
_UART1_Write:
;__Lib_UART_c67.c,58 :: 		
;__Lib_UART_c67.c,59 :: 		
L_UART1_Write3:
0x0030	0xB2AC      	BTFSC       TXSTA, 1 
0x0032	0xD002      	BRA         L_UART1_Write4
;__Lib_UART_c67.c,60 :: 		
0x0034	0x0000      	NOP
0x0036	0xD7FC      	BRA         L_UART1_Write3
L_UART1_Write4:
;__Lib_UART_c67.c,61 :: 		
0x0038	0xFFADC027  	MOVFF       FARG_UART1_Write_data_, TXREG
;__Lib_UART_c67.c,62 :: 		
L_end_UART1_Write:
0x003C	0x0012      	RETURN      0
; end of _UART1_Write
_UART1_Data_Ready:
;__Lib_UART_c67.c,34 :: 		
;__Lib_UART_c67.c,35 :: 		
0x003E	0x0E00      	MOVLW       0
0x0040	0xBA9E      	BTFSC       PIR1, 5 
0x0042	0x0E01      	MOVLW       1
0x0044	0x6E00      	MOVWF       R0 
;__Lib_UART_c67.c,36 :: 		
L_end_UART1_Data_Ready:
0x0046	0x0012      	RETURN      0
; end of _UART1_Data_Ready
_UART1_Read:
;__Lib_UART_c67.c,39 :: 		
;__Lib_UART_c67.c,42 :: 		
0x0048	0xF001CFAE  	MOVFF       RCREG, R1
;__Lib_UART_c67.c,43 :: 		
0x004C	0xA2AB      	BTFSS       RCSTA, 1 
0x004E	0xD002      	BRA         L_UART1_Read2
;__Lib_UART_c67.c,44 :: 		
0x0050	0x98AB      	BCF         RCSTA, 4 
;__Lib_UART_c67.c,45 :: 		
0x0052	0x88AB      	BSF         RCSTA, 4 
;__Lib_UART_c67.c,46 :: 		
L_UART1_Read2:
;__Lib_UART_c67.c,47 :: 		
0x0054	0xF000C001  	MOVFF       R1, R0
;__Lib_UART_c67.c,48 :: 		
L_end_UART1_Read:
0x0058	0x0012      	RETURN      0
; end of _UART1_Read
_UART1_Init:
;__Lib_UART_c67.c,15 :: 		
;__Lib_UART_c67.c,18 :: 		
0x005A	0x0E30      	MOVLW       _UART1_Write
0x005C	0x6E15      	MOVWF       _UART_Wr_Ptr 
0x005E	0x0E00      	MOVLW       hi_addr(_UART1_Write)
0x0060	0x6E16      	MOVWF       _UART_Wr_Ptr+1 
0x0062	0x0E27      	MOVLW       FARG_UART1_Write_data_
0x0064	0x6E17      	MOVWF       _UART_Wr_Ptr+2 
0x0066	0x0E00      	MOVLW       hi_addr(FARG_UART1_Write_data_)
0x0068	0x6E18      	MOVWF       _UART_Wr_Ptr+3 
;__Lib_UART_c67.c,19 :: 		
0x006A	0x0E48      	MOVLW       _UART1_Read
0x006C	0x6E23      	MOVWF       _UART_Rd_Ptr 
0x006E	0x0E00      	MOVLW       hi_addr(_UART1_Read)
0x0070	0x6E24      	MOVWF       _UART_Rd_Ptr+1 
0x0072	0x0E00      	MOVLW       0
0x0074	0x6E25      	MOVWF       _UART_Rd_Ptr+2 
0x0076	0x0E00      	MOVLW       0
0x0078	0x6E26      	MOVWF       _UART_Rd_Ptr+3 
;__Lib_UART_c67.c,20 :: 		
0x007A	0x0E3E      	MOVLW       _UART1_Data_Ready
0x007C	0x6E1F      	MOVWF       _UART_Rdy_Ptr 
0x007E	0x0E00      	MOVLW       hi_addr(_UART1_Data_Ready)
0x0080	0x6E20      	MOVWF       _UART_Rdy_Ptr+1 
0x0082	0x0E00      	MOVLW       0
0x0084	0x6E21      	MOVWF       _UART_Rdy_Ptr+2 
0x0086	0x0E00      	MOVLW       0
0x0088	0x6E22      	MOVWF       _UART_Rdy_Ptr+3 
;__Lib_UART_c67.c,21 :: 		
0x008A	0x0EFF      	MOVLW       _UART1_Tx_Idle
0x008C	0x6E1B      	MOVWF       _UART_Tx_Idle_Ptr 
0x008E	0x0EFF      	MOVLW       hi_addr(_UART1_Tx_Idle)
0x0090	0x6E1C      	MOVWF       _UART_Tx_Idle_Ptr+1 
0x0092	0x0E00      	MOVLW       0
0x0094	0x6E1D      	MOVWF       _UART_Tx_Idle_Ptr+2 
0x0096	0x0E00      	MOVLW       0
0x0098	0x6E1E      	MOVWF       _UART_Tx_Idle_Ptr+3 
;__Lib_UART_c67.c,23 :: 		
0x009A	0x8AAC      	BSF         TXSTA, 5 
;__Lib_UART_c67.c,24 :: 		
0x009C	0x0E90      	MOVLW       144
0x009E	0x6EAB      	MOVWF       RCSTA 
;__Lib_UART_c67.c,25 :: 		
0x00A0	0x8E94      	BSF         TRISC7_bit, BitPos(TRISC7_bit+0) 
;__Lib_UART_c67.c,26 :: 		
0x00A2	0x9C94      	BCF         TRISC6_bit, BitPos(TRISC6_bit+0) 
;__Lib_UART_c67.c,28 :: 		
L_UART1_Init0:
0x00A4	0xAA9E      	BTFSS       PIR1, 5 
0x00A6	0xD003      	BRA         L_UART1_Init1
;__Lib_UART_c67.c,29 :: 		
0x00A8	0xF000CFAE  	MOVFF       RCREG, R0
0x00AC	0xD7FB      	BRA         L_UART1_Init0
L_UART1_Init1:
;__Lib_UART_c67.c,30 :: 		
L_end_UART1_Init:
0x00AE	0x0012      	RETURN      0
; end of _UART1_Init
_Button:
;__Lib_Button.c,6 :: 		
;__Lib_Button.c,8 :: 		
0x00B0	0x6A2D      	CLRF        Button_rslt_L0 
;__Lib_Button.c,11 :: 		
0x00B2	0xF001C029  	MOVFF       FARG_Button_pin, R1
0x00B6	0x0E01      	MOVLW       1
0x00B8	0x6E00      	MOVWF       R0 
0x00BA	0x5001      	MOVF        R1, 0 
L__Button5:
0x00BC	0xE004      	BZ          L__Button6
0x00BE	0x3600      	RLCF        R0, 1 
0x00C0	0x9000      	BCF         R0, 0 
0x00C2	0x0FFF      	ADDLW       255
0x00C4	0xD7FB      	BRA         L__Button5
L__Button6:
0x00C6	0xF02CC000  	MOVFF       R0, Button_pMask_L0
;__Lib_Button.c,13 :: 		
0x00CA	0xFFE9C027  	MOVFF       FARG_Button_port, FSR0L
0x00CE	0xFFEAC028  	MOVFF       FARG_Button_port+1, FSR0H
0x00D2	0x5000      	MOVF        R0, 0 
0x00D4	0x14EE      	ANDWF       POSTINC0, 0 
0x00D6	0x6E01      	MOVWF       R1 
0x00D8	0x5201      	MOVF        R1, 1 
0x00DA	0x0E01      	MOVLW       1
0x00DC	0xA4D8      	BTFSS       STATUS, 2 
0x00DE	0x0E00      	MOVLW       0
0x00E0	0x6E00      	MOVWF       R0 
0x00E2	0x502B      	MOVF        FARG_Button_active_state, 0 
0x00E4	0x1A00      	XORWF       R0, 1 
0x00E6	0xE018      	BZ          L_Button0
;__Lib_Button.c,15 :: 		
L_Button1:
0x00E8	0x502A      	MOVF        FARG_Button_time_ms, 0 
0x00EA	0x0800      	SUBLW       0
0x00EC	0xE204      	BC          L_Button2
;__Lib_Button.c,16 :: 		
0x00EE	0xDF96      	RCALL       _Delay_500us
;__Lib_Button.c,17 :: 		
0x00F0	0xDF95      	RCALL       _Delay_500us
;__Lib_Button.c,18 :: 		
0x00F2	0x062A      	DECF        FARG_Button_time_ms, 1 
;__Lib_Button.c,19 :: 		
0x00F4	0xD7F9      	BRA         L_Button1
L_Button2:
;__Lib_Button.c,21 :: 		
0x00F6	0xFFE9C027  	MOVFF       FARG_Button_port, FSR0L
0x00FA	0xFFEAC028  	MOVFF       FARG_Button_port+1, FSR0H
0x00FE	0x502C      	MOVF        Button_pMask_L0, 0 
0x0100	0x14EE      	ANDWF       POSTINC0, 0 
0x0102	0x6E01      	MOVWF       R1 
0x0104	0x5201      	MOVF        R1, 1 
0x0106	0x0E01      	MOVLW       1
0x0108	0xA4D8      	BTFSS       STATUS, 2 
0x010A	0x0E00      	MOVLW       0
0x010C	0x6E00      	MOVWF       R0 
0x010E	0x502B      	MOVF        FARG_Button_active_state, 0 
0x0110	0x1A00      	XORWF       R0, 1 
0x0112	0xE002      	BZ          L_Button3
;__Lib_Button.c,22 :: 		
0x0114	0x0EFF      	MOVLW       255
0x0116	0x6E2D      	MOVWF       Button_rslt_L0 
L_Button3:
;__Lib_Button.c,23 :: 		
L_Button0:
;__Lib_Button.c,25 :: 		
0x0118	0xF000C02D  	MOVFF       Button_rslt_L0, R0
;__Lib_Button.c,26 :: 		
L_end_Button:
0x011C	0x0012      	RETURN      0
; end of _Button
_main:
;fw_AC_COM.c,2 :: 		void main()
;fw_AC_COM.c,4 :: 		ADCON1 |= 0x0F;
0x011E	0x0E0F      	MOVLW       15
0x0120	0x12C1      	IORWF       ADCON1, 1 
;fw_AC_COM.c,5 :: 		CMCON |= 0x07;
0x0122	0x0E07      	MOVLW       7
0x0124	0x12B4      	IORWF       CMCON, 1 
;fw_AC_COM.c,7 :: 		PORTC = 0x00; LATC = 0x00;
0x0126	0x6A82      	CLRF        PORTC 
0x0128	0x6A8B      	CLRF        LATC 
;fw_AC_COM.c,8 :: 		TRISC0_bit = 1;
0x012A	0x8094      	BSF         TRISC0_bit, BitPos(TRISC0_bit+0) 
;fw_AC_COM.c,9 :: 		TRISC1_bit = 1;
0x012C	0x8294      	BSF         TRISC1_bit, BitPos(TRISC1_bit+0) 
;fw_AC_COM.c,10 :: 		TRISC2_bit = 1;
0x012E	0x8494      	BSF         TRISC2_bit, BitPos(TRISC2_bit+0) 
;fw_AC_COM.c,12 :: 		PORTB = 0x00; LATB = 0x00;
0x0130	0x6A81      	CLRF        PORTB 
0x0132	0x6A8A      	CLRF        LATB 
;fw_AC_COM.c,13 :: 		TRISB0_bit = 1;
0x0134	0x8093      	BSF         TRISB0_bit, BitPos(TRISB0_bit+0) 
;fw_AC_COM.c,14 :: 		TRISB1_bit = 1;
0x0136	0x8293      	BSF         TRISB1_bit, BitPos(TRISB1_bit+0) 
;fw_AC_COM.c,15 :: 		TRISB2_bit = 1;
0x0138	0x8493      	BSF         TRISB2_bit, BitPos(TRISB2_bit+0) 
;fw_AC_COM.c,17 :: 		PORTE = 0x00; LATE = 0x00;
0x013A	0x6A84      	CLRF        PORTE 
0x013C	0x6A8D      	CLRF        LATE 
;fw_AC_COM.c,18 :: 		TRISE0_bit = 0;
0x013E	0x9096      	BCF         TRISE0_bit, BitPos(TRISE0_bit+0) 
;fw_AC_COM.c,19 :: 		LATE0_bit = 1;
0x0140	0x808D      	BSF         LATE0_bit, BitPos(LATE0_bit+0) 
;fw_AC_COM.c,20 :: 		TRISE1_bit = 0;
0x0142	0x9296      	BCF         TRISE1_bit, BitPos(TRISE1_bit+0) 
;fw_AC_COM.c,21 :: 		LATE1_bit = 1;
0x0144	0x828D      	BSF         LATE1_bit, BitPos(LATE1_bit+0) 
;fw_AC_COM.c,22 :: 		TRISE2_bit = 0;
0x0146	0x9496      	BCF         TRISE2_bit, BitPos(TRISE2_bit+0) 
;fw_AC_COM.c,23 :: 		LATE2_bit = 1;
0x0148	0x848D      	BSF         LATE2_bit, BitPos(LATE2_bit+0) 
;fw_AC_COM.c,25 :: 		PORTD = 0x00; LATD = 0x00;
0x014A	0x6A83      	CLRF        PORTD 
0x014C	0x6A8C      	CLRF        LATD 
;fw_AC_COM.c,26 :: 		TRISD0_bit = 0;
0x014E	0x9095      	BCF         TRISD0_bit, BitPos(TRISD0_bit+0) 
;fw_AC_COM.c,27 :: 		LATD0_bit = 1;
0x0150	0x808C      	BSF         LATD0_bit, BitPos(LATD0_bit+0) 
;fw_AC_COM.c,28 :: 		TRISD1_bit = 0;
0x0152	0x9295      	BCF         TRISD1_bit, BitPos(TRISD1_bit+0) 
;fw_AC_COM.c,29 :: 		LATD1_bit = 1;
0x0154	0x828C      	BSF         LATD1_bit, BitPos(LATD1_bit+0) 
;fw_AC_COM.c,30 :: 		TRISD2_bit = 0;
0x0156	0x9495      	BCF         TRISD2_bit, BitPos(TRISD2_bit+0) 
;fw_AC_COM.c,31 :: 		LATD2_bit = 1;
0x0158	0x848C      	BSF         LATD2_bit, BitPos(LATD2_bit+0) 
;fw_AC_COM.c,32 :: 		TRISD3_bit = 0;
0x015A	0x9695      	BCF         TRISD3_bit, BitPos(TRISD3_bit+0) 
;fw_AC_COM.c,33 :: 		LATD3_bit = 1;
0x015C	0x868C      	BSF         LATD3_bit, BitPos(LATD3_bit+0) 
;fw_AC_COM.c,35 :: 		UART1_Init(9600);
0x015E	0x86B8      	BSF         BAUDCON, 3, 0
0x0160	0x0E02      	MOVLW       2
0x0162	0x6EB0      	MOVWF       SPBRGH 
0x0164	0x0E08      	MOVLW       8
0x0166	0x6EAF      	MOVWF       SPBRG 
0x0168	0x84AC      	BSF         TXSTA, 2, 0
0x016A	0xDF77      	RCALL       _UART1_Init
;fw_AC_COM.c,36 :: 		delay_ms(100);
0x016C	0x0E03      	MOVLW       3
0x016E	0x6E0B      	MOVWF       R11, 0
0x0170	0x0E8A      	MOVLW       138
0x0172	0x6E0C      	MOVWF       R12, 0
0x0174	0x0E55      	MOVLW       85
0x0176	0x6E0D      	MOVWF       R13, 0
L_main0:
0x0178	0x2E0D      	DECFSZ      R13, 1, 0
0x017A	0xD7FE      	BRA         L_main0
0x017C	0x2E0C      	DECFSZ      R12, 1, 0
0x017E	0xD7FC      	BRA         L_main0
0x0180	0x2E0B      	DECFSZ      R11, 1, 0
0x0182	0xD7FA      	BRA         L_main0
0x0184	0x0000      	NOP
0x0186	0x0000      	NOP
;fw_AC_COM.c,38 :: 		while(1)
L_main1:
;fw_AC_COM.c,40 :: 		if(Button(&PORTB,0,10,0))
0x0188	0x0E81      	MOVLW       PORTB
0x018A	0x6E27      	MOVWF       FARG_Button_port 
0x018C	0x0E0F      	MOVLW       hi_addr(PORTB)
0x018E	0x6E28      	MOVWF       FARG_Button_port+1 
0x0190	0x6A29      	CLRF        FARG_Button_pin 
0x0192	0x0E0A      	MOVLW       10
0x0194	0x6E2A      	MOVWF       FARG_Button_time_ms 
0x0196	0x6A2B      	CLRF        FARG_Button_active_state 
0x0198	0xDF8B      	RCALL       _Button
0x019A	0x5200      	MOVF        R0, 1 
0x019C	0xE006      	BZ          L_main3
;fw_AC_COM.c,42 :: 		TransmitData = 'A';
0x019E	0x0E41      	MOVLW       65
0x01A0	0x6E1A      	MOVWF       _TransmitData 
;fw_AC_COM.c,43 :: 		UART1_Write(TransmitData);
0x01A2	0x0E41      	MOVLW       65
0x01A4	0x6E27      	MOVWF       FARG_UART1_Write_data_ 
0x01A6	0xDF44      	RCALL       _UART1_Write
;fw_AC_COM.c,44 :: 		}
0x01A8	0xD011      	BRA         L_main4
L_main3:
;fw_AC_COM.c,45 :: 		else if(Button(&PORTB,0,10,1))
0x01AA	0x0E81      	MOVLW       PORTB
0x01AC	0x6E27      	MOVWF       FARG_Button_port 
0x01AE	0x0E0F      	MOVLW       hi_addr(PORTB)
0x01B0	0x6E28      	MOVWF       FARG_Button_port+1 
0x01B2	0x6A29      	CLRF        FARG_Button_pin 
0x01B4	0x0E0A      	MOVLW       10
0x01B6	0x6E2A      	MOVWF       FARG_Button_time_ms 
0x01B8	0x0E01      	MOVLW       1
0x01BA	0x6E2B      	MOVWF       FARG_Button_active_state 
0x01BC	0xDF79      	RCALL       _Button
0x01BE	0x5200      	MOVF        R0, 1 
0x01C0	0xE005      	BZ          L_main5
;fw_AC_COM.c,47 :: 		TransmitData = 'S';
0x01C2	0x0E53      	MOVLW       83
0x01C4	0x6E1A      	MOVWF       _TransmitData 
;fw_AC_COM.c,48 :: 		UART1_Write(TransmitData);
0x01C6	0x0E53      	MOVLW       83
0x01C8	0x6E27      	MOVWF       FARG_UART1_Write_data_ 
0x01CA	0xDF32      	RCALL       _UART1_Write
;fw_AC_COM.c,49 :: 		}
L_main5:
L_main4:
;fw_AC_COM.c,50 :: 		if(Button(&PORTB,1,10,0))
0x01CC	0x0E81      	MOVLW       PORTB
0x01CE	0x6E27      	MOVWF       FARG_Button_port 
0x01D0	0x0E0F      	MOVLW       hi_addr(PORTB)
0x01D2	0x6E28      	MOVWF       FARG_Button_port+1 
0x01D4	0x0E01      	MOVLW       1
0x01D6	0x6E29      	MOVWF       FARG_Button_pin 
0x01D8	0x0E0A      	MOVLW       10
0x01DA	0x6E2A      	MOVWF       FARG_Button_time_ms 
0x01DC	0x6A2B      	CLRF        FARG_Button_active_state 
0x01DE	0xDF68      	RCALL       _Button
0x01E0	0x5200      	MOVF        R0, 1 
0x01E2	0xE006      	BZ          L_main6
;fw_AC_COM.c,52 :: 		TransmitData = 'D';
0x01E4	0x0E44      	MOVLW       68
0x01E6	0x6E1A      	MOVWF       _TransmitData 
;fw_AC_COM.c,53 :: 		UART1_Write(TransmitData);
0x01E8	0x0E44      	MOVLW       68
0x01EA	0x6E27      	MOVWF       FARG_UART1_Write_data_ 
0x01EC	0xDF21      	RCALL       _UART1_Write
;fw_AC_COM.c,54 :: 		}
0x01EE	0xD012      	BRA         L_main7
L_main6:
;fw_AC_COM.c,55 :: 		else if(Button(&PORTB,1,10,1))
0x01F0	0x0E81      	MOVLW       PORTB
0x01F2	0x6E27      	MOVWF       FARG_Button_port 
0x01F4	0x0E0F      	MOVLW       hi_addr(PORTB)
0x01F6	0x6E28      	MOVWF       FARG_Button_port+1 
0x01F8	0x0E01      	MOVLW       1
0x01FA	0x6E29      	MOVWF       FARG_Button_pin 
0x01FC	0x0E0A      	MOVLW       10
0x01FE	0x6E2A      	MOVWF       FARG_Button_time_ms 
0x0200	0x0E01      	MOVLW       1
0x0202	0x6E2B      	MOVWF       FARG_Button_active_state 
0x0204	0xDF55      	RCALL       _Button
0x0206	0x5200      	MOVF        R0, 1 
0x0208	0xE005      	BZ          L_main8
;fw_AC_COM.c,57 :: 		TransmitData = 'F';
0x020A	0x0E46      	MOVLW       70
0x020C	0x6E1A      	MOVWF       _TransmitData 
;fw_AC_COM.c,58 :: 		UART1_Write(TransmitData);
0x020E	0x0E46      	MOVLW       70
0x0210	0x6E27      	MOVWF       FARG_UART1_Write_data_ 
0x0212	0xDF0E      	RCALL       _UART1_Write
;fw_AC_COM.c,59 :: 		}
L_main8:
L_main7:
;fw_AC_COM.c,60 :: 		if(Button(&PORTB,2,10,0))
0x0214	0x0E81      	MOVLW       PORTB
0x0216	0x6E27      	MOVWF       FARG_Button_port 
0x0218	0x0E0F      	MOVLW       hi_addr(PORTB)
0x021A	0x6E28      	MOVWF       FARG_Button_port+1 
0x021C	0x0E02      	MOVLW       2
0x021E	0x6E29      	MOVWF       FARG_Button_pin 
0x0220	0x0E0A      	MOVLW       10
0x0222	0x6E2A      	MOVWF       FARG_Button_time_ms 
0x0224	0x6A2B      	CLRF        FARG_Button_active_state 
0x0226	0xDF44      	RCALL       _Button
0x0228	0x5200      	MOVF        R0, 1 
0x022A	0xE006      	BZ          L_main9
;fw_AC_COM.c,62 :: 		TransmitData = 'G';
0x022C	0x0E47      	MOVLW       71
0x022E	0x6E1A      	MOVWF       _TransmitData 
;fw_AC_COM.c,63 :: 		UART1_Write(TransmitData);
0x0230	0x0E47      	MOVLW       71
0x0232	0x6E27      	MOVWF       FARG_UART1_Write_data_ 
0x0234	0xDEFD      	RCALL       _UART1_Write
;fw_AC_COM.c,64 :: 		}
0x0236	0xD012      	BRA         L_main10
L_main9:
;fw_AC_COM.c,65 :: 		else if(Button(&PORTB,2,10,1))
0x0238	0x0E81      	MOVLW       PORTB
0x023A	0x6E27      	MOVWF       FARG_Button_port 
0x023C	0x0E0F      	MOVLW       hi_addr(PORTB)
0x023E	0x6E28      	MOVWF       FARG_Button_port+1 
0x0240	0x0E02      	MOVLW       2
0x0242	0x6E29      	MOVWF       FARG_Button_pin 
0x0244	0x0E0A      	MOVLW       10
0x0246	0x6E2A      	MOVWF       FARG_Button_time_ms 
0x0248	0x0E01      	MOVLW       1
0x024A	0x6E2B      	MOVWF       FARG_Button_active_state 
0x024C	0xDF31      	RCALL       _Button
0x024E	0x5200      	MOVF        R0, 1 
0x0250	0xE005      	BZ          L_main11
;fw_AC_COM.c,67 :: 		TransmitData = 'H';
0x0252	0x0E48      	MOVLW       72
0x0254	0x6E1A      	MOVWF       _TransmitData 
;fw_AC_COM.c,68 :: 		UART1_Write(TransmitData);
0x0256	0x0E48      	MOVLW       72
0x0258	0x6E27      	MOVWF       FARG_UART1_Write_data_ 
0x025A	0xDEEA      	RCALL       _UART1_Write
;fw_AC_COM.c,69 :: 		}
L_main11:
L_main10:
;fw_AC_COM.c,70 :: 		if(Button(&PORTC,0,10,0))
0x025C	0x0E82      	MOVLW       PORTC
0x025E	0x6E27      	MOVWF       FARG_Button_port 
0x0260	0x0E0F      	MOVLW       hi_addr(PORTC)
0x0262	0x6E28      	MOVWF       FARG_Button_port+1 
0x0264	0x6A29      	CLRF        FARG_Button_pin 
0x0266	0x0E0A      	MOVLW       10
0x0268	0x6E2A      	MOVWF       FARG_Button_time_ms 
0x026A	0x6A2B      	CLRF        FARG_Button_active_state 
0x026C	0xDF21      	RCALL       _Button
0x026E	0x5200      	MOVF        R0, 1 
0x0270	0xE006      	BZ          L_main12
;fw_AC_COM.c,72 :: 		TransmitData = '1';
0x0272	0x0E31      	MOVLW       49
0x0274	0x6E1A      	MOVWF       _TransmitData 
;fw_AC_COM.c,73 :: 		UART1_Write(TransmitData);
0x0276	0x0E31      	MOVLW       49
0x0278	0x6E27      	MOVWF       FARG_UART1_Write_data_ 
0x027A	0xDEDA      	RCALL       _UART1_Write
;fw_AC_COM.c,74 :: 		}
0x027C	0xD011      	BRA         L_main13
L_main12:
;fw_AC_COM.c,75 :: 		else if(Button(&PORTC,0,10,1))
0x027E	0x0E82      	MOVLW       PORTC
0x0280	0x6E27      	MOVWF       FARG_Button_port 
0x0282	0x0E0F      	MOVLW       hi_addr(PORTC)
0x0284	0x6E28      	MOVWF       FARG_Button_port+1 
0x0286	0x6A29      	CLRF        FARG_Button_pin 
0x0288	0x0E0A      	MOVLW       10
0x028A	0x6E2A      	MOVWF       FARG_Button_time_ms 
0x028C	0x0E01      	MOVLW       1
0x028E	0x6E2B      	MOVWF       FARG_Button_active_state 
0x0290	0xDF0F      	RCALL       _Button
0x0292	0x5200      	MOVF        R0, 1 
0x0294	0xE005      	BZ          L_main14
;fw_AC_COM.c,77 :: 		TransmitData = '2';
0x0296	0x0E32      	MOVLW       50
0x0298	0x6E1A      	MOVWF       _TransmitData 
;fw_AC_COM.c,78 :: 		UART1_Write(TransmitData);
0x029A	0x0E32      	MOVLW       50
0x029C	0x6E27      	MOVWF       FARG_UART1_Write_data_ 
0x029E	0xDEC8      	RCALL       _UART1_Write
;fw_AC_COM.c,79 :: 		}
L_main14:
L_main13:
;fw_AC_COM.c,80 :: 		if(Button(&PORTC,1,10,0))
0x02A0	0x0E82      	MOVLW       PORTC
0x02A2	0x6E27      	MOVWF       FARG_Button_port 
0x02A4	0x0E0F      	MOVLW       hi_addr(PORTC)
0x02A6	0x6E28      	MOVWF       FARG_Button_port+1 
0x02A8	0x0E01      	MOVLW       1
0x02AA	0x6E29      	MOVWF       FARG_Button_pin 
0x02AC	0x0E0A      	MOVLW       10
0x02AE	0x6E2A      	MOVWF       FARG_Button_time_ms 
0x02B0	0x6A2B      	CLRF        FARG_Button_active_state 
0x02B2	0xDEFE      	RCALL       _Button
0x02B4	0x5200      	MOVF        R0, 1 
0x02B6	0xE006      	BZ          L_main15
;fw_AC_COM.c,82 :: 		TransmitData = '3';
0x02B8	0x0E33      	MOVLW       51
0x02BA	0x6E1A      	MOVWF       _TransmitData 
;fw_AC_COM.c,83 :: 		UART1_Write(TransmitData);
0x02BC	0x0E33      	MOVLW       51
0x02BE	0x6E27      	MOVWF       FARG_UART1_Write_data_ 
0x02C0	0xDEB7      	RCALL       _UART1_Write
;fw_AC_COM.c,84 :: 		}
0x02C2	0xD012      	BRA         L_main16
L_main15:
;fw_AC_COM.c,85 :: 		else if(Button(&PORTC,1,10,1))
0x02C4	0x0E82      	MOVLW       PORTC
0x02C6	0x6E27      	MOVWF       FARG_Button_port 
0x02C8	0x0E0F      	MOVLW       hi_addr(PORTC)
0x02CA	0x6E28      	MOVWF       FARG_Button_port+1 
0x02CC	0x0E01      	MOVLW       1
0x02CE	0x6E29      	MOVWF       FARG_Button_pin 
0x02D0	0x0E0A      	MOVLW       10
0x02D2	0x6E2A      	MOVWF       FARG_Button_time_ms 
0x02D4	0x0E01      	MOVLW       1
0x02D6	0x6E2B      	MOVWF       FARG_Button_active_state 
0x02D8	0xDEEB      	RCALL       _Button
0x02DA	0x5200      	MOVF        R0, 1 
0x02DC	0xE005      	BZ          L_main17
;fw_AC_COM.c,87 :: 		TransmitData = '4';
0x02DE	0x0E34      	MOVLW       52
0x02E0	0x6E1A      	MOVWF       _TransmitData 
;fw_AC_COM.c,88 :: 		UART1_Write(TransmitData);
0x02E2	0x0E34      	MOVLW       52
0x02E4	0x6E27      	MOVWF       FARG_UART1_Write_data_ 
0x02E6	0xDEA4      	RCALL       _UART1_Write
;fw_AC_COM.c,89 :: 		}
L_main17:
L_main16:
;fw_AC_COM.c,90 :: 		if(Button(&PORTC,2,10,0))
0x02E8	0x0E82      	MOVLW       PORTC
0x02EA	0x6E27      	MOVWF       FARG_Button_port 
0x02EC	0x0E0F      	MOVLW       hi_addr(PORTC)
0x02EE	0x6E28      	MOVWF       FARG_Button_port+1 
0x02F0	0x0E02      	MOVLW       2
0x02F2	0x6E29      	MOVWF       FARG_Button_pin 
0x02F4	0x0E0A      	MOVLW       10
0x02F6	0x6E2A      	MOVWF       FARG_Button_time_ms 
0x02F8	0x6A2B      	CLRF        FARG_Button_active_state 
0x02FA	0xDEDA      	RCALL       _Button
0x02FC	0x5200      	MOVF        R0, 1 
0x02FE	0xE006      	BZ          L_main18
;fw_AC_COM.c,92 :: 		TransmitData = '5';
0x0300	0x0E35      	MOVLW       53
0x0302	0x6E1A      	MOVWF       _TransmitData 
;fw_AC_COM.c,93 :: 		UART1_Write(TransmitData);
0x0304	0x0E35      	MOVLW       53
0x0306	0x6E27      	MOVWF       FARG_UART1_Write_data_ 
0x0308	0xDE93      	RCALL       _UART1_Write
;fw_AC_COM.c,94 :: 		}
0x030A	0xD012      	BRA         L_main19
L_main18:
;fw_AC_COM.c,95 :: 		else if(Button(&PORTC,2,10,1))
0x030C	0x0E82      	MOVLW       PORTC
0x030E	0x6E27      	MOVWF       FARG_Button_port 
0x0310	0x0E0F      	MOVLW       hi_addr(PORTC)
0x0312	0x6E28      	MOVWF       FARG_Button_port+1 
0x0314	0x0E02      	MOVLW       2
0x0316	0x6E29      	MOVWF       FARG_Button_pin 
0x0318	0x0E0A      	MOVLW       10
0x031A	0x6E2A      	MOVWF       FARG_Button_time_ms 
0x031C	0x0E01      	MOVLW       1
0x031E	0x6E2B      	MOVWF       FARG_Button_active_state 
0x0320	0xDEC7      	RCALL       _Button
0x0322	0x5200      	MOVF        R0, 1 
0x0324	0xE005      	BZ          L_main20
;fw_AC_COM.c,97 :: 		TransmitData = '6';
0x0326	0x0E36      	MOVLW       54
0x0328	0x6E1A      	MOVWF       _TransmitData 
;fw_AC_COM.c,98 :: 		UART1_Write(TransmitData);
0x032A	0x0E36      	MOVLW       54
0x032C	0x6E27      	MOVWF       FARG_UART1_Write_data_ 
0x032E	0xDE80      	RCALL       _UART1_Write
;fw_AC_COM.c,99 :: 		}
L_main20:
L_main19:
;fw_AC_COM.c,100 :: 		if(UART1_Data_Ready() == 1)
0x0330	0xDE86      	RCALL       _UART1_Data_Ready
0x0332	0x5000      	MOVF        R0, 0 
0x0334	0x0A01      	XORLW       1
0x0336	0xA4D8      	BTFSS       STATUS, 2 
0x0338	0xD08E      	BRA         L_main21
;fw_AC_COM.c,102 :: 		ReceiveData = UART1_Read();
0x033A	0xDE86      	RCALL       _UART1_Read
0x033C	0xF019C000  	MOVFF       R0, _ReceiveData
;fw_AC_COM.c,103 :: 		if(ReceiveData == '!')
0x0340	0x5000      	MOVF        R0, 0 
0x0342	0x0A21      	XORLW       33
0x0344	0xE107      	BNZ         L_main22
;fw_AC_COM.c,105 :: 		LATE0_bit = 0;
0x0346	0x908D      	BCF         LATE0_bit, BitPos(LATE0_bit+0) 
;fw_AC_COM.c,106 :: 		TransmitData = 'q';
0x0348	0x0E71      	MOVLW       113
0x034A	0x6E1A      	MOVWF       _TransmitData 
;fw_AC_COM.c,107 :: 		UART1_Write(TransmitData);
0x034C	0x0E71      	MOVLW       113
0x034E	0x6E27      	MOVWF       FARG_UART1_Write_data_ 
0x0350	0xDE6F      	RCALL       _UART1_Write
;fw_AC_COM.c,108 :: 		}
0x0352	0xD081      	BRA         L_main23
L_main22:
;fw_AC_COM.c,109 :: 		else if(ReceiveData == '@')
0x0354	0x5019      	MOVF        _ReceiveData, 0 
0x0356	0x0A40      	XORLW       64
0x0358	0xE107      	BNZ         L_main24
;fw_AC_COM.c,111 :: 		LATE0_bit = 1;
0x035A	0x808D      	BSF         LATE0_bit, BitPos(LATE0_bit+0) 
;fw_AC_COM.c,112 :: 		TransmitData = 'w';
0x035C	0x0E77      	MOVLW       119
0x035E	0x6E1A      	MOVWF       _TransmitData 
;fw_AC_COM.c,113 :: 		UART1_Write(TransmitData);
0x0360	0x0E77      	MOVLW       119
0x0362	0x6E27      	MOVWF       FARG_UART1_Write_data_ 
0x0364	0xDE65      	RCALL       _UART1_Write
;fw_AC_COM.c,114 :: 		}
0x0366	0xD077      	BRA         L_main25
L_main24:
;fw_AC_COM.c,115 :: 		else if(ReceiveData == '#')
0x0368	0x5019      	MOVF        _ReceiveData, 0 
0x036A	0x0A23      	XORLW       35
0x036C	0xE107      	BNZ         L_main26
;fw_AC_COM.c,117 :: 		LATE1_bit = 0;
0x036E	0x928D      	BCF         LATE1_bit, BitPos(LATE1_bit+0) 
;fw_AC_COM.c,118 :: 		TransmitData = 'e';
0x0370	0x0E65      	MOVLW       101
0x0372	0x6E1A      	MOVWF       _TransmitData 
;fw_AC_COM.c,119 :: 		UART1_Write(TransmitData);
0x0374	0x0E65      	MOVLW       101
0x0376	0x6E27      	MOVWF       FARG_UART1_Write_data_ 
0x0378	0xDE5B      	RCALL       _UART1_Write
;fw_AC_COM.c,120 :: 		}
0x037A	0xD06D      	BRA         L_main27
L_main26:
;fw_AC_COM.c,121 :: 		else if(ReceiveData == '$')
0x037C	0x5019      	MOVF        _ReceiveData, 0 
0x037E	0x0A24      	XORLW       36
0x0380	0xE107      	BNZ         L_main28
;fw_AC_COM.c,123 :: 		LATE1_bit = 1;
0x0382	0x828D      	BSF         LATE1_bit, BitPos(LATE1_bit+0) 
;fw_AC_COM.c,124 :: 		TransmitData = 'r';
0x0384	0x0E72      	MOVLW       114
0x0386	0x6E1A      	MOVWF       _TransmitData 
;fw_AC_COM.c,125 :: 		UART1_Write(TransmitData);
0x0388	0x0E72      	MOVLW       114
0x038A	0x6E27      	MOVWF       FARG_UART1_Write_data_ 
0x038C	0xDE51      	RCALL       _UART1_Write
;fw_AC_COM.c,126 :: 		}
0x038E	0xD063      	BRA         L_main29
L_main28:
;fw_AC_COM.c,127 :: 		else if(ReceiveData == '%')
0x0390	0x5019      	MOVF        _ReceiveData, 0 
0x0392	0x0A25      	XORLW       37
0x0394	0xE107      	BNZ         L_main30
;fw_AC_COM.c,129 :: 		LATE2_bit = 0;
0x0396	0x948D      	BCF         LATE2_bit, BitPos(LATE2_bit+0) 
;fw_AC_COM.c,130 :: 		TransmitData = 't';
0x0398	0x0E74      	MOVLW       116
0x039A	0x6E1A      	MOVWF       _TransmitData 
;fw_AC_COM.c,131 :: 		UART1_Write(TransmitData);
0x039C	0x0E74      	MOVLW       116
0x039E	0x6E27      	MOVWF       FARG_UART1_Write_data_ 
0x03A0	0xDE47      	RCALL       _UART1_Write
;fw_AC_COM.c,132 :: 		}
0x03A2	0xD059      	BRA         L_main31
L_main30:
;fw_AC_COM.c,133 :: 		else if(ReceiveData == '^')
0x03A4	0x5019      	MOVF        _ReceiveData, 0 
0x03A6	0x0A5E      	XORLW       94
0x03A8	0xE107      	BNZ         L_main32
;fw_AC_COM.c,135 :: 		LATE2_bit = 1;
0x03AA	0x848D      	BSF         LATE2_bit, BitPos(LATE2_bit+0) 
;fw_AC_COM.c,136 :: 		TransmitData = 'y';
0x03AC	0x0E79      	MOVLW       121
0x03AE	0x6E1A      	MOVWF       _TransmitData 
;fw_AC_COM.c,137 :: 		UART1_Write(TransmitData);
0x03B0	0x0E79      	MOVLW       121
0x03B2	0x6E27      	MOVWF       FARG_UART1_Write_data_ 
0x03B4	0xDE3D      	RCALL       _UART1_Write
;fw_AC_COM.c,138 :: 		}
0x03B6	0xD04F      	BRA         L_main33
L_main32:
;fw_AC_COM.c,139 :: 		else if(ReceiveData == '&')
0x03B8	0x5019      	MOVF        _ReceiveData, 0 
0x03BA	0x0A26      	XORLW       38
0x03BC	0xE107      	BNZ         L_main34
;fw_AC_COM.c,141 :: 		LATD0_bit = 0;
0x03BE	0x908C      	BCF         LATD0_bit, BitPos(LATD0_bit+0) 
;fw_AC_COM.c,142 :: 		TransmitData = 'z';
0x03C0	0x0E7A      	MOVLW       122
0x03C2	0x6E1A      	MOVWF       _TransmitData 
;fw_AC_COM.c,143 :: 		UART1_Write(TransmitData);
0x03C4	0x0E7A      	MOVLW       122
0x03C6	0x6E27      	MOVWF       FARG_UART1_Write_data_ 
0x03C8	0xDE33      	RCALL       _UART1_Write
;fw_AC_COM.c,144 :: 		}
0x03CA	0xD045      	BRA         L_main35
L_main34:
;fw_AC_COM.c,145 :: 		else if(ReceiveData == '*')
0x03CC	0x5019      	MOVF        _ReceiveData, 0 
0x03CE	0x0A2A      	XORLW       42
0x03D0	0xE107      	BNZ         L_main36
;fw_AC_COM.c,147 :: 		LATD0_bit = 1;
0x03D2	0x808C      	BSF         LATD0_bit, BitPos(LATD0_bit+0) 
;fw_AC_COM.c,148 :: 		TransmitData = 'x';
0x03D4	0x0E78      	MOVLW       120
0x03D6	0x6E1A      	MOVWF       _TransmitData 
;fw_AC_COM.c,149 :: 		UART1_Write(TransmitData);
0x03D8	0x0E78      	MOVLW       120
0x03DA	0x6E27      	MOVWF       FARG_UART1_Write_data_ 
0x03DC	0xDE29      	RCALL       _UART1_Write
;fw_AC_COM.c,150 :: 		}
0x03DE	0xD03B      	BRA         L_main37
L_main36:
;fw_AC_COM.c,151 :: 		else if(ReceiveData == '(')
0x03E0	0x5019      	MOVF        _ReceiveData, 0 
0x03E2	0x0A28      	XORLW       40
0x03E4	0xE107      	BNZ         L_main38
;fw_AC_COM.c,153 :: 		LATD1_bit = 0;
0x03E6	0x928C      	BCF         LATD1_bit, BitPos(LATD1_bit+0) 
;fw_AC_COM.c,154 :: 		TransmitData = 'c';
0x03E8	0x0E63      	MOVLW       99
0x03EA	0x6E1A      	MOVWF       _TransmitData 
;fw_AC_COM.c,155 :: 		UART1_Write(TransmitData);
0x03EC	0x0E63      	MOVLW       99
0x03EE	0x6E27      	MOVWF       FARG_UART1_Write_data_ 
0x03F0	0xDE1F      	RCALL       _UART1_Write
;fw_AC_COM.c,156 :: 		}
0x03F2	0xD031      	BRA         L_main39
L_main38:
;fw_AC_COM.c,157 :: 		else if(ReceiveData == ')')
0x03F4	0x5019      	MOVF        _ReceiveData, 0 
0x03F6	0x0A29      	XORLW       41
0x03F8	0xE107      	BNZ         L_main40
;fw_AC_COM.c,159 :: 		LATD1_bit = 1;
0x03FA	0x828C      	BSF         LATD1_bit, BitPos(LATD1_bit+0) 
;fw_AC_COM.c,160 :: 		TransmitData = 'v';
0x03FC	0x0E76      	MOVLW       118
0x03FE	0x6E1A      	MOVWF       _TransmitData 
;fw_AC_COM.c,161 :: 		UART1_Write(TransmitData);
0x0400	0x0E76      	MOVLW       118
0x0402	0x6E27      	MOVWF       FARG_UART1_Write_data_ 
0x0404	0xDE15      	RCALL       _UART1_Write
;fw_AC_COM.c,162 :: 		}
0x0406	0xD027      	BRA         L_main41
L_main40:
;fw_AC_COM.c,163 :: 		else if(ReceiveData == '_')
0x0408	0x5019      	MOVF        _ReceiveData, 0 
0x040A	0x0A5F      	XORLW       95
0x040C	0xE107      	BNZ         L_main42
;fw_AC_COM.c,165 :: 		LATD2_bit = 0;
0x040E	0x948C      	BCF         LATD2_bit, BitPos(LATD2_bit+0) 
;fw_AC_COM.c,166 :: 		TransmitData = 'b';
0x0410	0x0E62      	MOVLW       98
0x0412	0x6E1A      	MOVWF       _TransmitData 
;fw_AC_COM.c,167 :: 		UART1_Write(TransmitData);
0x0414	0x0E62      	MOVLW       98
0x0416	0x6E27      	MOVWF       FARG_UART1_Write_data_ 
0x0418	0xDE0B      	RCALL       _UART1_Write
;fw_AC_COM.c,168 :: 		}
0x041A	0xD01D      	BRA         L_main43
L_main42:
;fw_AC_COM.c,169 :: 		else if(ReceiveData == '+')
0x041C	0x5019      	MOVF        _ReceiveData, 0 
0x041E	0x0A2B      	XORLW       43
0x0420	0xE107      	BNZ         L_main44
;fw_AC_COM.c,171 :: 		LATD2_bit = 1;
0x0422	0x848C      	BSF         LATD2_bit, BitPos(LATD2_bit+0) 
;fw_AC_COM.c,172 :: 		TransmitData = 'n';
0x0424	0x0E6E      	MOVLW       110
0x0426	0x6E1A      	MOVWF       _TransmitData 
;fw_AC_COM.c,173 :: 		UART1_Write(TransmitData);
0x0428	0x0E6E      	MOVLW       110
0x042A	0x6E27      	MOVWF       FARG_UART1_Write_data_ 
0x042C	0xDE01      	RCALL       _UART1_Write
;fw_AC_COM.c,174 :: 		}
0x042E	0xD013      	BRA         L_main45
L_main44:
;fw_AC_COM.c,175 :: 		else if(ReceiveData == '<')
0x0430	0x5019      	MOVF        _ReceiveData, 0 
0x0432	0x0A3C      	XORLW       60
0x0434	0xE107      	BNZ         L_main46
;fw_AC_COM.c,177 :: 		LATD3_bit = 0;
0x0436	0x968C      	BCF         LATD3_bit, BitPos(LATD3_bit+0) 
;fw_AC_COM.c,178 :: 		TransmitData = 'm';
0x0438	0x0E6D      	MOVLW       109
0x043A	0x6E1A      	MOVWF       _TransmitData 
;fw_AC_COM.c,179 :: 		UART1_Write(TransmitData);
0x043C	0x0E6D      	MOVLW       109
0x043E	0x6E27      	MOVWF       FARG_UART1_Write_data_ 
0x0440	0xDDF7      	RCALL       _UART1_Write
;fw_AC_COM.c,180 :: 		}
0x0442	0xD009      	BRA         L_main47
L_main46:
;fw_AC_COM.c,181 :: 		else if(ReceiveData == '>')
0x0444	0x5019      	MOVF        _ReceiveData, 0 
0x0446	0x0A3E      	XORLW       62
0x0448	0xE106      	BNZ         L_main48
;fw_AC_COM.c,183 :: 		LATD3_bit = 1;
0x044A	0x868C      	BSF         LATD3_bit, BitPos(LATD3_bit+0) 
;fw_AC_COM.c,184 :: 		TransmitData = 'l';
0x044C	0x0E6C      	MOVLW       108
0x044E	0x6E1A      	MOVWF       _TransmitData 
;fw_AC_COM.c,185 :: 		UART1_Write(TransmitData);
0x0450	0x0E6C      	MOVLW       108
0x0452	0x6E27      	MOVWF       FARG_UART1_Write_data_ 
0x0454	0xDDED      	RCALL       _UART1_Write
;fw_AC_COM.c,186 :: 		}
L_main48:
L_main47:
L_main45:
L_main43:
L_main41:
L_main39:
L_main37:
L_main35:
L_main33:
L_main31:
L_main29:
L_main27:
L_main25:
L_main23:
;fw_AC_COM.c,187 :: 		}
L_main21:
;fw_AC_COM.c,188 :: 		}
0x0456	0xD698      	BRA         L_main1
;fw_AC_COM.c,190 :: 		}
L_end_main:
0x0458	0xD7FF      	BRA         $+0
; end of _main
Symbol List:
//** Routines locations **
//ADDRESS    SIZE    PROCEDURE
//----------------------------------------------
0x001C      [20]    _Delay_500us
0x0030      [14]    _UART1_Write
0x003E      [10]    _UART1_Data_Ready
0x0048      [18]    _UART1_Read
0x005A      [86]    _UART1_Init
0x00B0     [110]    _Button
0x011E     [828]    _main
//** Variables locations ** 
//ADDRESS    SIZE    VARIABLE
//----------------------------------------------
0x0000       [1]    UART1_Init_tmp_L0
0x0000       [1]    R0
0x0001       [1]    UART1_Read___tmp_UART1_Read_L0
0x0001       [1]    R1
0x0002       [1]    R2
0x0003       [1]    R3
0x0004       [1]    R4
0x0005       [1]    R5
0x0006       [1]    R6
0x0007       [1]    R7
0x0008       [1]    R8
0x0009       [1]    R9
0x000A       [1]    R10
0x000B       [1]    R11
0x000C       [1]    R12
0x000D       [1]    R13
0x000E       [1]    R14
0x000F       [1]    R15
0x0010       [1]    R16
0x0011       [1]    R17
0x0012       [1]    R18
0x0013       [1]    R19
0x0014       [1]    R20
0x0015       [4]    _UART_Wr_Ptr
0x0019       [1]    _ReceiveData
0x001A       [1]    _TransmitData
0x001B       [4]    _UART_Tx_Idle_Ptr
0x001F       [4]    _UART_Rdy_Ptr
0x0023       [4]    _UART_Rd_Ptr
0x0027       [2]    FARG_Button_port
0x0027       [1]    FARG_UART1_Write_data_
0x0029       [1]    FARG_Button_pin
0x002A       [1]    FARG_Button_time_ms
0x002B       [1]    FARG_Button_active_state
0x002C       [1]    Button_pMask_L0
0x002D       [1]    Button_rslt_L0
0x0F81       [1]    PORTB
0x0F82       [1]    PORTC
0x0F83       [1]    PORTD
0x0F84       [1]    PORTE
0x0F8A       [1]    LATB
0x0F8B       [1]    LATC
0x0F8C       [0]    LATD2_bit
0x0F8C       [0]    LATD3_bit
0x0F8C       [1]    LATD
0x0F8C       [0]    LATD0_bit
0x0F8C       [0]    LATD1_bit
0x0F8D       [0]    LATE1_bit
0x0F8D       [0]    LATE2_bit
0x0F8D       [0]    LATE0_bit
0x0F8D       [1]    LATE
0x0F93       [0]    TRISB0_bit
0x0F93       [0]    TRISB2_bit
0x0F93       [0]    TRISB1_bit
0x0F94       [0]    TRISC7_bit
0x0F94       [0]    TRISC0_bit
0x0F94       [0]    TRISC1_bit
0x0F94       [0]    TRISC6_bit
0x0F94       [0]    TRISC2_bit
0x0F95       [0]    TRISD0_bit
0x0F95       [0]    TRISD1_bit
0x0F95       [0]    TRISD2_bit
0x0F95       [0]    TRISD3_bit
0x0F96       [0]    TRISE1_bit
0x0F96       [0]    TRISE0_bit
0x0F96       [0]    TRISE2_bit
0x0F9E       [1]    PIR1
0x0FAB       [1]    RCSTA
0x0FAC       [1]    TXSTA
0x0FAD       [1]    TXREG
0x0FAE       [1]    RCREG
0x0FAF       [1]    SPBRG
0x0FB0       [1]    SPBRGH
0x0FB4       [1]    CMCON
0x0FB8       [1]    BAUDCON
0x0FC1       [1]    ADCON1
0x0FD8       [1]    STATUS
0x0FD9       [1]    FSR2L
0x0FDA       [1]    FSR2H
0x0FDE       [1]    POSTINC2
0x0FE0       [1]    BSR
0x0FE1       [1]    FSR1L
0x0FE2       [1]    FSR1H
0x0FE4       [1]    PREINC1
0x0FE6       [1]    POSTINC1
0x0FE7       [1]    INDF1
0x0FE8       [1]    WREG
0x0FE9       [1]    FSR0L
0x0FEA       [1]    FSR0H
0x0FEE       [1]    POSTINC0
0x0FF3       [1]    PRODL
0x0FF4       [1]    PRODH
0x0FF5       [1]    TABLAT
0x0FF6       [1]    TBLPTRL
0x0FF7       [1]    TBLPTRH
0x0FF8       [1]    TBLPTRU
